#
# There is insufficient memory for the Java Runtime Environment to continue.
# Native memory allocation (mmap) failed to map 65536 bytes for Failed to commit metaspace.
# Possible reasons:
#   The system is out of physical RAM or swap space
#   The process is running with CompressedOops enabled, and the Java Heap may be blocking the growth of the native heap
# Possible solutions:
#   Reduce memory load on the system
#   Increase physical memory or swap space
#   Check if swap backing store is full
#   Decrease Java heap size (-Xmx/-Xms)
#   Decrease number of Java threads
#   Decrease Java thread stack sizes (-Xss)
#   Set larger code cache with -XX:ReservedCodeCacheSize=
#   JVM is running with Unscaled Compressed Oops mode in which the Java heap is
#     placed in the first 4GB address space. The Java Heap base address is the
#     maximum limit for the native heap growth. Please use -XX:HeapBaseMinAddress
#     to set the Java Heap base and to place the Java Heap above 4GB virtual address.
# This output file may be truncated or incomplete.
#
#  Out of Memory Error (virtualSpaceNode.cpp:110), pid=21812, tid=16032
#
# JRE version: Java(TM) SE Runtime Environment (19.0+36) (build 19+36-2238)
# Java VM: Java HotSpot(TM) 64-Bit Server VM (19+36-2238, mixed mode, sharing, tiered, compressed oops, compressed class ptrs, g1 gc, windows-amd64)
# No core dump will be written. Minidumps are not enabled by default on client versions of Windows
#

---------------  S U M M A R Y ------------

Command Line: -Dfile.encoding=UTF-8 --module-path=C:\Users\shen\Downloads\sqljdbc_11.2.1.0_enu\sqljdbc_11.2\enu\mssql-jdbc-11.2.1.jre8.jar -XX:+ShowCodeDetailsInExceptionMessages test.Test

Host: AMD Ryzen 7 5700U with Radeon Graphics         , 16 cores, 6G,  Windows 10 , 64 bit Build 19041 (10.0.19041.2364)
Time: Wed Feb 15 20:17:13 2023 SE Asia Standard Time elapsed time: 0.090028 seconds (0d 0h 0m 0s)

---------------  T H R E A D  ---------------

Current thread (0x00000188266f73e0):  JavaThread "main" [_thread_in_vm, id=16032, stack(0x000000682c900000,0x000000682ca00000)]

Stack: [0x000000682c900000,0x000000682ca00000]
Native frames: (J=compiled Java code, j=interpreted, Vv=VM code, C=native code)
V  [jvm.dll+0x6ee8fa]
V  [jvm.dll+0x857a1e]
V  [jvm.dll+0x85940e]
V  [jvm.dll+0x859ac3]
V  [jvm.dll+0x28291f]
V  [jvm.dll+0x85369b]
V  [jvm.dll+0x693276]
V  [jvm.dll+0x6932da]
V  [jvm.dll+0x695bd3]
V  [jvm.dll+0x695a9e]
V  [jvm.dll+0x693c9e]
V  [jvm.dll+0x26e07f]
V  [jvm.dll+0x69e305]
V  [jvm.dll+0x21df42]
V  [jvm.dll+0x21e475]
V  [jvm.dll+0x21edd1]
V  [jvm.dll+0x214571]
V  [jvm.dll+0x5aa2d6]
V  [jvm.dll+0x22567a]
V  [jvm.dll+0x7ccb72]
V  [jvm.dll+0x7cdfba]
V  [jvm.dll+0x7ce2e8]
V  [jvm.dll+0x271d6b]
V  [jvm.dll+0x271f8f]
V  [jvm.dll+0x5cb973]
V  [jvm.dll+0x5cdee4]
V  [jvm.dll+0x3ddadc]
V  [jvm.dll+0x3dd572]
C  0x00000188372da13d

Java frames: (J=compiled Java code, j=interpreted, Vv=VM code)
j  sun.security.jca.Providers.<clinit>()V+10 java.base@19
v  ~StubRoutines::call_stub 0x00000188372b100e
j  sun.security.util.SignatureFileVerifier.<init>(Ljava/util/ArrayList;Lsun/security/util/ManifestDigester;Ljava/lang/String;[B)V+28 java.base@19
j  java.util.jar.JarVerifier.processEntry(Lsun/security/util/ManifestEntryVerifier;)V+319 java.base@19
j  java.util.jar.JarVerifier.update(I[BIILsun/security/util/ManifestEntryVerifier;)V+39 java.base@19
j  java.util.jar.JarFile.initializeVerifier()V+164 java.base@19
j  java.util.jar.JarFile.getInputStream(Ljava/util/zip/ZipEntry;)Ljava/io/InputStream;+33 java.base@19
j  jdk.internal.module.ModulePath.deriveModuleDescriptor(Ljava/util/jar/JarFile;)Ljava/lang/module/ModuleDescriptor;+466 java.base@19
j  jdk.internal.module.ModulePath.readJar(Ljava/nio/file/Path;)Ljava/lang/module/ModuleReference;+35 java.base@19
j  jdk.internal.module.ModulePath.readModule(Ljava/nio/file/Path;Ljava/nio/file/attribute/BasicFileAttributes;)Ljava/lang/module/ModuleReference;+60 java.base@19
j  jdk.internal.module.ModulePath.scan(Ljava/nio/file/Path;)Ljava/util/Map;+67 java.base@19
j  jdk.internal.module.ModulePath.scanNextEntry()V+23 java.base@19
j  jdk.internal.module.ModulePath.findAll()Ljava/util/Set;+8 java.base@19
j  java.lang.module.ModuleFinder$2.lambda$findAll$2(Ljava/lang/module/ModuleFinder;)Ljava/util/stream/Stream;+1 java.base@19
j  java.lang.module.ModuleFinder$2$$Lambda$4+0x800000007.apply(Ljava/lang/Object;)Ljava/lang/Object;+4 java.base@19
j  java.util.stream.ReferencePipeline$7$1.accept(Ljava/lang/Object;)V+8 java.base@19
j  java.util.AbstractList$RandomAccessSpliterator.forEachRemaining(Ljava/util/function/Consumer;)V+39 java.base@19
j  java.util.stream.AbstractPipeline.copyInto(Ljava/util/stream/Sink;Ljava/util/Spliterator;)V+32 java.base@19
j  java.util.stream.AbstractPipeline.wrapAndCopyInto(Ljava/util/stream/Sink;Ljava/util/Spliterator;)Ljava/util/stream/Sink;+13 java.base@19
j  java.util.stream.ForEachOps$ForEachOp.evaluateSequential(Ljava/util/stream/PipelineHelper;Ljava/util/Spliterator;)Ljava/lang/Void;+3 java.base@19
j  java.util.stream.ForEachOps$ForEachOp$OfRef.evaluateSequential(Ljava/util/stream/PipelineHelper;Ljava/util/Spliterator;)Ljava/lang/Object;+3 java.base@19
j  java.util.stream.AbstractPipeline.evaluate(Ljava/util/stream/TerminalOp;)Ljava/lang/Object;+88 java.base@19
j  java.util.stream.ReferencePipeline.forEach(Ljava/util/function/Consumer;)V+6 java.base@19
j  java.lang.module.ModuleFinder$2.findAll()Ljava/util/Set;+55 java.base@19
j  java.lang.module.Resolver.findAll()Ljava/util/Set;+4 java.base@19
j  java.lang.module.Resolver.bind(Z)Ljava/lang/module/Resolver;+9 java.base@19
j  java.lang.module.Configuration.resolveAndBind(Ljava/lang/module/ModuleFinder;Ljava/util/Collection;Ljava/io/PrintStream;)Ljava/lang/module/Configuration;+33 java.base@19
j  java.lang.module.ModuleDescriptor$1.resolveAndBind(Ljava/lang/module/ModuleFinder;Ljava/util/Collection;Ljava/io/PrintStream;)Ljava/lang/module/Configuration;+3 java.base@19
j  jdk.internal.module.Modules.newBootLayerConfiguration(Ljava/lang/module/ModuleFinder;Ljava/util/Collection;Ljava/io/PrintStream;)Ljava/lang/module/Configuration;+6 java.base@19
j  jdk.internal.module.ModuleBootstrap.boot2()Ljava/lang/ModuleLayer;+896 java.base@19
j  jdk.internal.module.ModuleBootstrap.boot()Ljava/lang/ModuleLayer;+64 java.base@19
j  java.lang.System.initPhase2(ZZ)I+0 java.base@19
v  ~StubRoutines::call_stub 0x00000188372b100e

---------------  P R O C E S S  ---------------

Threads class SMR info:
_java_thread_list=0x000001884b1da2d0, length=15, elements={
0x00000188266f73e0, 0x0000018846f4ba40, 0x0000018846f4c6d0, 0x0000018846f52c10,
0x0000018846f53540, 0x0000018846f53e70, 0x0000018846f548e0, 0x0000018846f673f0,
0x0000018846f6dde0, 0x0000018846f82950, 0x0000018846f24cc0, 0x0000018846f70ff0,
0x0000018846f71580, 0x0000018846f6e370, 0x0000018846f70a60
}

Java Threads: ( => current thread )
=>0x00000188266f73e0 JavaThread "main" [_thread_in_vm, id=16032, stack(0x000000682c900000,0x000000682ca00000)]
  0x0000018846f4ba40 JavaThread "Reference Handler" daemon [_thread_blocked, id=22788, stack(0x000000682d000000,0x000000682d100000)]
  0x0000018846f4c6d0 JavaThread "Finalizer" daemon [_thread_blocked, id=14240, stack(0x000000682d100000,0x000000682d200000)]
  0x0000018846f52c10 JavaThread "Signal Dispatcher" daemon [_thread_blocked, id=8868, stack(0x000000682d200000,0x000000682d300000)]
  0x0000018846f53540 JavaThread "Attach Listener" daemon [_thread_blocked, id=21828, stack(0x000000682d300000,0x000000682d400000)]
  0x0000018846f53e70 JavaThread "Service Thread" daemon [_thread_blocked, id=26684, stack(0x000000682d400000,0x000000682d500000)]
  0x0000018846f548e0 JavaThread "Monitor Deflation Thread" daemon [_thread_blocked, id=15064, stack(0x000000682d500000,0x000000682d600000)]
  0x0000018846f673f0 JavaThread "C2 CompilerThread0" daemon [_thread_blocked, id=15060, stack(0x000000682d600000,0x000000682d700000)]
  0x0000018846f6dde0 JavaThread "C1 CompilerThread0" daemon [_thread_blocked, id=7180, stack(0x000000682d700000,0x000000682d800000)]
  0x0000018846f82950 JavaThread "Sweeper thread" daemon [_thread_blocked, id=18284, stack(0x000000682d800000,0x000000682d900000)]
  0x0000018846f24cc0 JavaThread "Common-Cleaner" daemon [_thread_blocked, id=23768, stack(0x000000682d900000,0x000000682da00000)]
  0x0000018846f70ff0 JavaThread "C1 CompilerThread1" daemon [_thread_blocked, id=4852, stack(0x000000682da00000,0x000000682db00000)]
  0x0000018846f71580 JavaThread "C1 CompilerThread2" daemon [_thread_blocked, id=22520, stack(0x000000682db00000,0x000000682dc00000)]
  0x0000018846f6e370 JavaThread "C1 CompilerThread3" daemon [_thread_blocked, id=13340, stack(0x000000682dc00000,0x000000682dd00000)]
  0x0000018846f70a60 JavaThread "C2 CompilerThread1" daemon [_thread_blocked, id=1488, stack(0x000000682dd00000,0x000000682de00000)]

Other Threads:
  0x0000018846f32aa0 VMThread "VM Thread" [stack: 0x000000682cf00000,0x000000682d000000] [id=14036]
  0x0000018826750fd0 WorkerThread "GC Thread#0" [stack: 0x000000682ca00000,0x000000682cb00000] [id=4976]
  0x0000018826762300 ConcurrentGCThread "G1 Main Marker" [stack: 0x000000682cb00000,0x000000682cc00000] [id=3256]
  0x0000018826762d30 WorkerThread "G1 Conc#0" [stack: 0x000000682cc00000,0x000000682cd00000] [id=15820]
  0x0000018846dec530 ConcurrentGCThread "G1 Refine#0" [stack: 0x000000682cd00000,0x000000682ce00000] [id=29240]
  0x0000018846dedf20 ConcurrentGCThread "G1 Service" [stack: 0x000000682ce00000,0x000000682cf00000] [id=22904]

Threads with active compile tasks:

VM state: not at safepoint (normal execution)

VM Mutex/Monitor currently owned by a thread:  ([mutex/lock_event])
[0x00000188266f1df0] Metaspace_lock - owner thread: 0x00000188266f73e0

Heap address: 0x0000000092c00000, size: 1748 MB, Compressed Oops mode: 32-bit

CDS archive(s) mapped at: [0x0000000800000000-0x0000000800c40000-0x0000000800c40000), size 12845056, SharedBaseAddress: 0x0000000800000000, ArchiveRelocationMode: 0.
Compressed class space mapped at: 0x0000000801000000-0x0000000841000000, reserved size: 1073741824
Narrow klass base: 0x0000000800000000, Narrow klass shift: 0, Narrow klass range: 0x100000000

GC Precious Log:
 CardTable entry size: 512
 Card Set container configuration: InlinePtr #cards 5 size 8 Array Of Cards #cards 12 size 40 Howl #buckets 4 coarsen threshold 1843 Howl Bitmap #cards 512 size 80 coarsen threshold 460 Card regions per heap region 1 cards per card region 2048
 CPUs: 16 total, 16 available
 Memory: 6986M
 Large Page Support: Disabled
 NUMA Support: Disabled
 Compressed Oops: Enabled (32-bit)
 Heap Region Size: 1M
 Heap Min Capacity: 8M
 Heap Initial Capacity: 110M
 Heap Max Capacity: 1748M
 Pre-touch: Disabled
 Parallel Workers: 13
 Concurrent Workers: 3
 Concurrent Refinement Workers: 13
 Periodic GC: Disabled

Heap:
 garbage-first heap   total 112640K, used 3072K [0x0000000092c00000, 0x0000000100000000)
  region size 1024K, 4 young (4096K), 0 survivors (0K)
 Metaspace       used 466K, committed 640K, reserved 1114112K
  class space    used 15K, committed 128K, reserved 1048576K

Heap Regions: E=young(eden), S=young(survivor), O=old, HS=humongous(starts), HC=humongous(continues), CS=collection set, F=free, OA=open archive, CA=closed archive, TAMS=top-at-mark-start (previous, next)
|   0|0x0000000092c00000, 0x0000000092c00000, 0x0000000092d00000|  0%| F|  |TAMS 0x0000000092c00000, 0x0000000092c00000| Untracked 
|   1|0x0000000092d00000, 0x0000000092d00000, 0x0000000092e00000|  0%| F|  |TAMS 0x0000000092d00000, 0x0000000092d00000| Untracked 
|   2|0x0000000092e00000, 0x0000000092e00000, 0x0000000092f00000|  0%| F|  |TAMS 0x0000000092e00000, 0x0000000092e00000| Untracked 
|   3|0x0000000092f00000, 0x0000000092f00000, 0x0000000093000000|  0%| F|  |TAMS 0x0000000092f00000, 0x0000000092f00000| Untracked 
|   4|0x0000000093000000, 0x0000000093000000, 0x0000000093100000|  0%| F|  |TAMS 0x0000000093000000, 0x0000000093000000| Untracked 
|   5|0x0000000093100000, 0x0000000093100000, 0x0000000093200000|  0%| F|  |TAMS 0x0000000093100000, 0x0000000093100000| Untracked 
|   6|0x0000000093200000, 0x0000000093200000, 0x0000000093300000|  0%| F|  |TAMS 0x0000000093200000, 0x0000000093200000| Untracked 
|   7|0x0000000093300000, 0x0000000093300000, 0x0000000093400000|  0%| F|  |TAMS 0x0000000093300000, 0x0000000093300000| Untracked 
|   8|0x0000000093400000, 0x0000000093400000, 0x0000000093500000|  0%| F|  |TAMS 0x0000000093400000, 0x0000000093400000| Untracked 
|   9|0x0000000093500000, 0x0000000093500000, 0x0000000093600000|  0%| F|  |TAMS 0x0000000093500000, 0x0000000093500000| Untracked 
|  10|0x0000000093600000, 0x0000000093600000, 0x0000000093700000|  0%| F|  |TAMS 0x0000000093600000, 0x0000000093600000| Untracked 
|  11|0x0000000093700000, 0x0000000093700000, 0x0000000093800000|  0%| F|  |TAMS 0x0000000093700000, 0x0000000093700000| Untracked 
|  12|0x0000000093800000, 0x0000000093800000, 0x0000000093900000|  0%| F|  |TAMS 0x0000000093800000, 0x0000000093800000| Untracked 
|  13|0x0000000093900000, 0x0000000093900000, 0x0000000093a00000|  0%| F|  |TAMS 0x0000000093900000, 0x0000000093900000| Untracked 
|  14|0x0000000093a00000, 0x0000000093a00000, 0x0000000093b00000|  0%| F|  |TAMS 0x0000000093a00000, 0x0000000093a00000| Untracked 
|  15|0x0000000093b00000, 0x0000000093b00000, 0x0000000093c00000|  0%| F|  |TAMS 0x0000000093b00000, 0x0000000093b00000| Untracked 
|  16|0x0000000093c00000, 0x0000000093c00000, 0x0000000093d00000|  0%| F|  |TAMS 0x0000000093c00000, 0x0000000093c00000| Untracked 
|  17|0x0000000093d00000, 0x0000000093d00000, 0x0000000093e00000|  0%| F|  |TAMS 0x0000000093d00000, 0x0000000093d00000| Untracked 
|  18|0x0000000093e00000, 0x0000000093e00000, 0x0000000093f00000|  0%| F|  |TAMS 0x0000000093e00000, 0x0000000093e00000| Untracked 
|  19|0x0000000093f00000, 0x0000000093f00000, 0x0000000094000000|  0%| F|  |TAMS 0x0000000093f00000, 0x0000000093f00000| Untracked 
|  20|0x0000000094000000, 0x0000000094000000, 0x0000000094100000|  0%| F|  |TAMS 0x0000000094000000, 0x0000000094000000| Untracked 
|  21|0x0000000094100000, 0x0000000094100000, 0x0000000094200000|  0%| F|  |TAMS 0x0000000094100000, 0x0000000094100000| Untracked 
|  22|0x0000000094200000, 0x0000000094200000, 0x0000000094300000|  0%| F|  |TAMS 0x0000000094200000, 0x0000000094200000| Untracked 
|  23|0x0000000094300000, 0x0000000094300000, 0x0000000094400000|  0%| F|  |TAMS 0x0000000094300000, 0x0000000094300000| Untracked 
|  24|0x0000000094400000, 0x0000000094400000, 0x0000000094500000|  0%| F|  |TAMS 0x0000000094400000, 0x0000000094400000| Untracked 
|  25|0x0000000094500000, 0x0000000094500000, 0x0000000094600000|  0%| F|  |TAMS 0x0000000094500000, 0x0000000094500000| Untracked 
|  26|0x0000000094600000, 0x0000000094600000, 0x0000000094700000|  0%| F|  |TAMS 0x0000000094600000, 0x0000000094600000| Untracked 
|  27|0x0000000094700000, 0x0000000094700000, 0x0000000094800000|  0%| F|  |TAMS 0x0000000094700000, 0x0000000094700000| Untracked 
|  28|0x0000000094800000, 0x0000000094800000, 0x0000000094900000|  0%| F|  |TAMS 0x0000000094800000, 0x0000000094800000| Untracked 
|  29|0x0000000094900000, 0x0000000094900000, 0x0000000094a00000|  0%| F|  |TAMS 0x0000000094900000, 0x0000000094900000| Untracked 
|  30|0x0000000094a00000, 0x0000000094a00000, 0x0000000094b00000|  0%| F|  |TAMS 0x0000000094a00000, 0x0000000094a00000| Untracked 
|  31|0x0000000094b00000, 0x0000000094b00000, 0x0000000094c00000|  0%| F|  |TAMS 0x0000000094b00000, 0x0000000094b00000| Untracked 
|  32|0x0000000094c00000, 0x0000000094c00000, 0x0000000094d00000|  0%| F|  |TAMS 0x0000000094c00000, 0x0000000094c00000| Untracked 
|  33|0x0000000094d00000, 0x0000000094d00000, 0x0000000094e00000|  0%| F|  |TAMS 0x0000000094d00000, 0x0000000094d00000| Untracked 
|  34|0x0000000094e00000, 0x0000000094e00000, 0x0000000094f00000|  0%| F|  |TAMS 0x0000000094e00000, 0x0000000094e00000| Untracked 
|  35|0x0000000094f00000, 0x0000000094f00000, 0x0000000095000000|  0%| F|  |TAMS 0x0000000094f00000, 0x0000000094f00000| Untracked 
|  36|0x0000000095000000, 0x0000000095000000, 0x0000000095100000|  0%| F|  |TAMS 0x0000000095000000, 0x0000000095000000| Untracked 
|  37|0x0000000095100000, 0x0000000095100000, 0x0000000095200000|  0%| F|  |TAMS 0x0000000095100000, 0x0000000095100000| Untracked 
|  38|0x0000000095200000, 0x0000000095200000, 0x0000000095300000|  0%| F|  |TAMS 0x0000000095200000, 0x0000000095200000| Untracked 
|  39|0x0000000095300000, 0x0000000095300000, 0x0000000095400000|  0%| F|  |TAMS 0x0000000095300000, 0x0000000095300000| Untracked 
|  40|0x0000000095400000, 0x0000000095400000, 0x0000000095500000|  0%| F|  |TAMS 0x0000000095400000, 0x0000000095400000| Untracked 
|  41|0x0000000095500000, 0x0000000095500000, 0x0000000095600000|  0%| F|  |TAMS 0x0000000095500000, 0x0000000095500000| Untracked 
|  42|0x0000000095600000, 0x0000000095600000, 0x0000000095700000|  0%| F|  |TAMS 0x0000000095600000, 0x0000000095600000| Untracked 
|  43|0x0000000095700000, 0x0000000095700000, 0x0000000095800000|  0%| F|  |TAMS 0x0000000095700000, 0x0000000095700000| Untracked 
|  44|0x0000000095800000, 0x0000000095800000, 0x0000000095900000|  0%| F|  |TAMS 0x0000000095800000, 0x0000000095800000| Untracked 
|  45|0x0000000095900000, 0x0000000095900000, 0x0000000095a00000|  0%| F|  |TAMS 0x0000000095900000, 0x0000000095900000| Untracked 
|  46|0x0000000095a00000, 0x0000000095a00000, 0x0000000095b00000|  0%| F|  |TAMS 0x0000000095a00000, 0x0000000095a00000| Untracked 
|  47|0x0000000095b00000, 0x0000000095b00000, 0x0000000095c00000|  0%| F|  |TAMS 0x0000000095b00000, 0x0000000095b00000| Untracked 
|  48|0x0000000095c00000, 0x0000000095c00000, 0x0000000095d00000|  0%| F|  |TAMS 0x0000000095c00000, 0x0000000095c00000| Untracked 
|  49|0x0000000095d00000, 0x0000000095d00000, 0x0000000095e00000|  0%| F|  |TAMS 0x0000000095d00000, 0x0000000095d00000| Untracked 
|  50|0x0000000095e00000, 0x0000000095e00000, 0x0000000095f00000|  0%| F|  |TAMS 0x0000000095e00000, 0x0000000095e00000| Untracked 
|  51|0x0000000095f00000, 0x0000000095f00000, 0x0000000096000000|  0%| F|  |TAMS 0x0000000095f00000, 0x0000000095f00000| Untracked 
|  52|0x0000000096000000, 0x0000000096000000, 0x0000000096100000|  0%| F|  |TAMS 0x0000000096000000, 0x0000000096000000| Untracked 
|  53|0x0000000096100000, 0x0000000096100000, 0x0000000096200000|  0%| F|  |TAMS 0x0000000096100000, 0x0000000096100000| Untracked 
|  54|0x0000000096200000, 0x0000000096200000, 0x0000000096300000|  0%| F|  |TAMS 0x0000000096200000, 0x0000000096200000| Untracked 
|  55|0x0000000096300000, 0x0000000096300000, 0x0000000096400000|  0%| F|  |TAMS 0x0000000096300000, 0x0000000096300000| Untracked 
|  56|0x0000000096400000, 0x0000000096400000, 0x0000000096500000|  0%| F|  |TAMS 0x0000000096400000, 0x0000000096400000| Untracked 
|  57|0x0000000096500000, 0x0000000096500000, 0x0000000096600000|  0%| F|  |TAMS 0x0000000096500000, 0x0000000096500000| Untracked 
|  58|0x0000000096600000, 0x0000000096600000, 0x0000000096700000|  0%| F|  |TAMS 0x0000000096600000, 0x0000000096600000| Untracked 
|  59|0x0000000096700000, 0x0000000096700000, 0x0000000096800000|  0%| F|  |TAMS 0x0000000096700000, 0x0000000096700000| Untracked 
|  60|0x0000000096800000, 0x0000000096800000, 0x0000000096900000|  0%| F|  |TAMS 0x0000000096800000, 0x0000000096800000| Untracked 
|  61|0x0000000096900000, 0x0000000096900000, 0x0000000096a00000|  0%| F|  |TAMS 0x0000000096900000, 0x0000000096900000| Untracked 
|  62|0x0000000096a00000, 0x0000000096a00000, 0x0000000096b00000|  0%| F|  |TAMS 0x0000000096a00000, 0x0000000096a00000| Untracked 
|  63|0x0000000096b00000, 0x0000000096b00000, 0x0000000096c00000|  0%| F|  |TAMS 0x0000000096b00000, 0x0000000096b00000| Untracked 
|  64|0x0000000096c00000, 0x0000000096c00000, 0x0000000096d00000|  0%| F|  |TAMS 0x0000000096c00000, 0x0000000096c00000| Untracked 
|  65|0x0000000096d00000, 0x0000000096d00000, 0x0000000096e00000|  0%| F|  |TAMS 0x0000000096d00000, 0x0000000096d00000| Untracked 
|  66|0x0000000096e00000, 0x0000000096e00000, 0x0000000096f00000|  0%| F|  |TAMS 0x0000000096e00000, 0x0000000096e00000| Untracked 
|  67|0x0000000096f00000, 0x0000000096f00000, 0x0000000097000000|  0%| F|  |TAMS 0x0000000096f00000, 0x0000000096f00000| Untracked 
|  68|0x0000000097000000, 0x0000000097000000, 0x0000000097100000|  0%| F|  |TAMS 0x0000000097000000, 0x0000000097000000| Untracked 
|  69|0x0000000097100000, 0x0000000097100000, 0x0000000097200000|  0%| F|  |TAMS 0x0000000097100000, 0x0000000097100000| Untracked 
|  70|0x0000000097200000, 0x0000000097200000, 0x0000000097300000|  0%| F|  |TAMS 0x0000000097200000, 0x0000000097200000| Untracked 
|  71|0x0000000097300000, 0x0000000097300000, 0x0000000097400000|  0%| F|  |TAMS 0x0000000097300000, 0x0000000097300000| Untracked 
|  72|0x0000000097400000, 0x0000000097400000, 0x0000000097500000|  0%| F|  |TAMS 0x0000000097400000, 0x0000000097400000| Untracked 
|  73|0x0000000097500000, 0x0000000097500000, 0x0000000097600000|  0%| F|  |TAMS 0x0000000097500000, 0x0000000097500000| Untracked 
|  74|0x0000000097600000, 0x0000000097600000, 0x0000000097700000|  0%| F|  |TAMS 0x0000000097600000, 0x0000000097600000| Untracked 
|  75|0x0000000097700000, 0x0000000097700000, 0x0000000097800000|  0%| F|  |TAMS 0x0000000097700000, 0x0000000097700000| Untracked 
|  76|0x0000000097800000, 0x0000000097800000, 0x0000000097900000|  0%| F|  |TAMS 0x0000000097800000, 0x0000000097800000| Untracked 
|  77|0x0000000097900000, 0x0000000097900000, 0x0000000097a00000|  0%| F|  |TAMS 0x0000000097900000, 0x0000000097900000| Untracked 
|  78|0x0000000097a00000, 0x0000000097a00000, 0x0000000097b00000|  0%| F|  |TAMS 0x0000000097a00000, 0x0000000097a00000| Untracked 
|  79|0x0000000097b00000, 0x0000000097b00000, 0x0000000097c00000|  0%| F|  |TAMS 0x0000000097b00000, 0x0000000097b00000| Untracked 
|  80|0x0000000097c00000, 0x0000000097c00000, 0x0000000097d00000|  0%| F|  |TAMS 0x0000000097c00000, 0x0000000097c00000| Untracked 
|  81|0x0000000097d00000, 0x0000000097d00000, 0x0000000097e00000|  0%| F|  |TAMS 0x0000000097d00000, 0x0000000097d00000| Untracked 
|  82|0x0000000097e00000, 0x0000000097e00000, 0x0000000097f00000|  0%| F|  |TAMS 0x0000000097e00000, 0x0000000097e00000| Untracked 
|  83|0x0000000097f00000, 0x0000000097f00000, 0x0000000098000000|  0%| F|  |TAMS 0x0000000097f00000, 0x0000000097f00000| Untracked 
|  84|0x0000000098000000, 0x0000000098000000, 0x0000000098100000|  0%| F|  |TAMS 0x0000000098000000, 0x0000000098000000| Untracked 
|  85|0x0000000098100000, 0x0000000098100000, 0x0000000098200000|  0%| F|  |TAMS 0x0000000098100000, 0x0000000098100000| Untracked 
|  86|0x0000000098200000, 0x0000000098200000, 0x0000000098300000|  0%| F|  |TAMS 0x0000000098200000, 0x0000000098200000| Untracked 
|  87|0x0000000098300000, 0x0000000098300000, 0x0000000098400000|  0%| F|  |TAMS 0x0000000098300000, 0x0000000098300000| Untracked 
|  88|0x0000000098400000, 0x0000000098400000, 0x0000000098500000|  0%| F|  |TAMS 0x0000000098400000, 0x0000000098400000| Untracked 
|  89|0x0000000098500000, 0x0000000098500000, 0x0000000098600000|  0%| F|  |TAMS 0x0000000098500000, 0x0000000098500000| Untracked 
|  90|0x0000000098600000, 0x0000000098600000, 0x0000000098700000|  0%| F|  |TAMS 0x0000000098600000, 0x0000000098600000| Untracked 
|  91|0x0000000098700000, 0x0000000098700000, 0x0000000098800000|  0%| F|  |TAMS 0x0000000098700000, 0x0000000098700000| Untracked 
|  92|0x0000000098800000, 0x0000000098800000, 0x0000000098900000|  0%| F|  |TAMS 0x0000000098800000, 0x0000000098800000| Untracked 
|  93|0x0000000098900000, 0x0000000098900000, 0x0000000098a00000|  0%| F|  |TAMS 0x0000000098900000, 0x0000000098900000| Untracked 
|  94|0x0000000098a00000, 0x0000000098a00000, 0x0000000098b00000|  0%| F|  |TAMS 0x0000000098a00000, 0x0000000098a00000| Untracked 
|  95|0x0000000098b00000, 0x0000000098b00000, 0x0000000098c00000|  0%| F|  |TAMS 0x0000000098b00000, 0x0000000098b00000| Untracked 
|  96|0x0000000098c00000, 0x0000000098c00000, 0x0000000098d00000|  0%| F|  |TAMS 0x0000000098c00000, 0x0000000098c00000| Untracked 
|  97|0x0000000098d00000, 0x0000000098d00000, 0x0000000098e00000|  0%| F|  |TAMS 0x0000000098d00000, 0x0000000098d00000| Untracked 
|  98|0x0000000098e00000, 0x0000000098e00000, 0x0000000098f00000|  0%| F|  |TAMS 0x0000000098e00000, 0x0000000098e00000| Untracked 
|  99|0x0000000098f00000, 0x0000000098f00000, 0x0000000099000000|  0%| F|  |TAMS 0x0000000098f00000, 0x0000000098f00000| Untracked 
| 100|0x0000000099000000, 0x0000000099000000, 0x0000000099100000|  0%| F|  |TAMS 0x0000000099000000, 0x0000000099000000| Untracked 
| 101|0x0000000099100000, 0x0000000099100000, 0x0000000099200000|  0%| F|  |TAMS 0x0000000099100000, 0x0000000099100000| Untracked 
| 102|0x0000000099200000, 0x0000000099200000, 0x0000000099300000|  0%| F|  |TAMS 0x0000000099200000, 0x0000000099200000| Untracked 
| 103|0x0000000099300000, 0x0000000099300000, 0x0000000099400000|  0%| F|  |TAMS 0x0000000099300000, 0x0000000099300000| Untracked 
| 104|0x0000000099400000, 0x0000000099400000, 0x0000000099500000|  0%| F|  |TAMS 0x0000000099400000, 0x0000000099400000| Untracked 
| 105|0x0000000099500000, 0x0000000099500000, 0x0000000099600000|  0%| F|  |TAMS 0x0000000099500000, 0x0000000099500000| Untracked 
| 106|0x0000000099600000, 0x00000000996ee598, 0x0000000099700000| 93%| E|  |TAMS 0x0000000099600000, 0x0000000099600000| Complete 
| 107|0x0000000099700000, 0x0000000099800000, 0x0000000099800000|100%| E|CS|TAMS 0x0000000099700000, 0x0000000099700000| Complete 
| 108|0x0000000099800000, 0x0000000099900000, 0x0000000099900000|100%| E|CS|TAMS 0x0000000099800000, 0x0000000099800000| Complete 
| 109|0x0000000099900000, 0x0000000099a00000, 0x0000000099a00000|100%| E|CS|TAMS 0x0000000099900000, 0x0000000099900000| Complete 

Card table byte_map: [0x0000018840190000,0x0000018840500000] _byte_map_base: 0x000001883fcfa000

Marking Bits (Prev, Next): (CMBitMap*) 0x0000018826751600, (CMBitMap*) 0x0000018826751640
 Prev Bits: [0x0000018840870000, 0x00000188423c0000)
 Next Bits: [0x00000188423c0000, 0x0000018843f10000)

Polling page: 0x00000188267d0000

Metaspace:

Usage:
  Non-class:    450.81 KB used.
      Class:     15.88 KB used.
       Both:    466.69 KB used.

Virtual space:
  Non-class space:       64.00 MB reserved,     512.00 KB ( <1%) committed,  1 nodes.
      Class space:        1.00 GB reserved,     128.00 KB ( <1%) committed,  1 nodes.
             Both:        1.06 GB reserved,     640.00 KB ( <1%) committed. 

Chunk freelists:
   Non-Class:  4.00 MB
       Class:  3.75 MB
        Both:  7.74 MB

MaxMetaspaceSize: unlimited
CompressedClassSpaceSize: 1.00 GB
Initial GC threshold: 21.00 MB
Current GC threshold: 21.00 MB
CDS: on
MetaspaceReclaimPolicy: balanced
 - commit_granule_bytes: 65536.
 - commit_granule_words: 8192.
 - virtual_space_node_default_size: 8388608.
 - enlarge_chunks_in_place: 1.
 - new_chunks_are_fully_committed: 0.
 - uncommit_free_chunks: 1.
 - use_allocation_guard: 0.


Internal statistics:

num_allocs_failed_limit: 0.
num_arena_births: 6.
num_arena_deaths: 0.
num_vsnodes_births: 2.
num_vsnodes_deaths: 0.
num_space_committed: 10.
num_space_uncommitted: 0.
num_chunks_returned_to_freelist: 0.
num_chunks_taken_from_freelist: 7.
num_chunk_merges: 0.
num_chunk_splits: 4.
num_chunks_enlarged: 2.
num_inconsistent_stats: 0.

CodeHeap 'non-profiled nmethods': size=119168Kb used=76Kb max_used=76Kb free=119091Kb
 bounds [0x0000018837a00000, 0x0000018837c70000, 0x000001883ee60000]
CodeHeap 'profiled nmethods': size=119104Kb used=533Kb max_used=533Kb free=118570Kb
 bounds [0x000001882fe60000, 0x00000188300d0000, 0x00000188372b0000]
CodeHeap 'non-nmethods': size=7488Kb used=2879Kb max_used=2897Kb free=4608Kb
 bounds [0x00000188372b0000, 0x0000018837590000, 0x0000018837a00000]
 total_blobs=722 nmethods=337 adapters=293
 compilation: enabled
              stopped_count=0, restarted_count=0
 full_count=0

Compilation events (20 events):
Event: 0.087 Thread 0x0000018846f70ff0  329       3       sun.security.util.ManifestDigester$Entry::<init> (16 bytes)
Event: 0.087 Thread 0x0000018846f6dde0 nmethod 326 0x000001882fedf190 code [0x000001882fedf360, 0x000001882fedf728]
Event: 0.087 Thread 0x0000018846f71580 nmethod 325 0x000001882fedf890 code [0x000001882fedfa60, 0x000001882fedfe88]
Event: 0.087 Thread 0x0000018846f6dde0  334       3       java.util.HashMap::computeIfAbsent (330 bytes)
Event: 0.087 Thread 0x0000018846f71580  333  s    3       java.io.ByteArrayOutputStream::toString (18 bytes)
Event: 0.087 Thread 0x0000018846f6e370 nmethod 328 0x000001882fee0090 code [0x000001882fee0240, 0x000001882fee04d8]
Event: 0.087 Thread 0x0000018846f6e370  330       3       sun.security.util.ManifestDigester$Section::<init> (26 bytes)
Event: 0.087 Thread 0x0000018846f71580 nmethod 333 0x000001882fee0610 code [0x000001882fee07c0, 0x000001882fee0a28]
Event: 0.087 Thread 0x0000018846f71580  331       3       sun.security.util.ManifestDigester$Entry::addSection (13 bytes)
Event: 0.087 Thread 0x0000018846f6e370 nmethod 330 0x000001882fee0b10 code [0x000001882fee0cc0, 0x000001882fee0e78]
Event: 0.087 Thread 0x0000018846f6e370  332       3       sun.security.util.ManifestDigester::isNameAttr (102 bytes)
Event: 0.087 Thread 0x0000018846f70ff0 nmethod 329 0x000001882fee0f10 code [0x000001882fee10e0, 0x000001882fee14f8]
Event: 0.087 Thread 0x0000018846f70ff0  335       3       sun.security.util.ManifestDigester$$Lambda$37/0x0000000801043788::apply (8 bytes)
Event: 0.087 Thread 0x0000018846f71580 nmethod 331 0x000001882fee1690 code [0x000001882fee1840, 0x000001882fee1a28]
Event: 0.087 Thread 0x0000018846f71580  336       3       java.util.ArrayList::grow (60 bytes)
Event: 0.088 Thread 0x0000018846f70a60  337 %     4       sun.security.util.ManifestDigester::findSection @ 27 (181 bytes)
Event: 0.088 Thread 0x0000018846f6e370 nmethod 332 0x000001882fee1b10 code [0x000001882fee1cc0, 0x000001882fee2118]
Event: 0.088 Thread 0x0000018846f70ff0 nmethod 335 0x000001882fee2290 code [0x000001882fee2480, 0x000001882fee2ab8]
Event: 0.088 Thread 0x0000018846f71580 nmethod 336 0x000001882fee2c90 code [0x000001882fee2ea0, 0x000001882fee34f8]
Event: 0.088 Thread 0x0000018846f6dde0 nmethod 334 0x000001882fee3710 code [0x000001882fee3a20, 0x000001882fee5068]

GC Heap History (0 events):
No events

Dll operation events (5 events):
Event: 0.005 Loaded shared library C:\Program Files\Java\jdk-19\bin\java.dll
Event: 0.014 Loaded shared library C:\Program Files\Java\jdk-19\bin\jsvml.dll
Event: 0.054 Loaded shared library C:\Program Files\Java\jdk-19\bin\net.dll
Event: 0.055 Loaded shared library C:\Program Files\Java\jdk-19\bin\nio.dll
Event: 0.062 Loaded shared library C:\Program Files\Java\jdk-19\bin\zip.dll

Deoptimization events (0 events):
No events

Classes loaded (15 events):
Event: 0.083 Loading class sun/security/util/ManifestEntryVerifier
Event: 0.083 Loading class sun/security/util/ManifestEntryVerifier done
Event: 0.084 Loading class sun/security/util/SignatureFileVerifier
Event: 0.084 Loading class sun/security/util/SignatureFileVerifier done
Event: 0.084 Loading class sun/security/util/ManifestDigester
Event: 0.085 Loading class sun/security/util/ManifestDigester done
Event: 0.085 Loading class sun/security/util/ManifestDigester$Position
Event: 0.085 Loading class sun/security/util/ManifestDigester$Position done
Event: 0.085 Loading class sun/security/util/ManifestDigester$Entry
Event: 0.085 Loading class sun/security/util/ManifestDigester$Entry done
Event: 0.085 Loading class sun/security/util/ManifestDigester$Section
Event: 0.085 Loading class sun/security/util/ManifestDigester$Section done
Event: 0.088 Loading class sun/security/jca/Providers
Event: 0.088 Loading class sun/security/jca/Providers done
Event: 0.088 Loading class sun/security/jca/ProviderList

Classes unloaded (0 events):
No events

Classes redefined (0 events):
No events

Internal exceptions (0 events):
No events

VM Operations (2 events):
Event: 0.065 Executing VM operation: HandshakeAllThreads
Event: 0.065 Executing VM operation: HandshakeAllThreads done

Events (15 events):
Event: 0.014 Thread 0x00000188266f73e0 Thread added: 0x00000188266f73e0
Event: 0.025 Thread 0x0000018846f4ba40 Thread added: 0x0000018846f4ba40
Event: 0.025 Thread 0x0000018846f4c6d0 Thread added: 0x0000018846f4c6d0
Event: 0.025 Thread 0x0000018846f52c10 Thread added: 0x0000018846f52c10
Event: 0.025 Thread 0x0000018846f53540 Thread added: 0x0000018846f53540
Event: 0.025 Thread 0x0000018846f53e70 Thread added: 0x0000018846f53e70
Event: 0.025 Thread 0x0000018846f548e0 Thread added: 0x0000018846f548e0
Event: 0.025 Thread 0x0000018846f673f0 Thread added: 0x0000018846f673f0
Event: 0.026 Thread 0x0000018846f6dde0 Thread added: 0x0000018846f6dde0
Event: 0.026 Thread 0x0000018846f82950 Thread added: 0x0000018846f82950
Event: 0.045 Thread 0x0000018846f24cc0 Thread added: 0x0000018846f24cc0
Event: 0.051 Thread 0x0000018846f70ff0 Thread added: 0x0000018846f70ff0
Event: 0.069 Thread 0x0000018846f71580 Thread added: 0x0000018846f71580
Event: 0.069 Thread 0x0000018846f6e370 Thread added: 0x0000018846f6e370
Event: 0.082 Thread 0x0000018846f70a60 Thread added: 0x0000018846f70a60


Dynamic libraries:
0x00007ff668c10000 - 0x00007ff668c20000 	C:\Program Files\Java\jdk-19\bin\javaw.exe
0x00007ff895f70000 - 0x00007ff896168000 	C:\Windows\SYSTEM32\ntdll.dll
0x00007ff895e70000 - 0x00007ff895f2f000 	C:\Windows\System32\KERNEL32.DLL
0x00007ff893a20000 - 0x00007ff893cf2000 	C:\Windows\System32\KERNELBASE.dll
0x00007ff893920000 - 0x00007ff893a20000 	C:\Windows\System32\ucrtbase.dll
0x00007ff88ce50000 - 0x00007ff88ce6b000 	C:\Program Files\Java\jdk-19\bin\VCRUNTIME140.dll
0x00007ff8851f0000 - 0x00007ff885208000 	C:\Program Files\Java\jdk-19\bin\jli.dll
0x00007ff8950a0000 - 0x00007ff89514e000 	C:\Windows\System32\ADVAPI32.dll
0x00007ff894250000 - 0x00007ff8942ee000 	C:\Windows\System32\msvcrt.dll
0x00007ff895af0000 - 0x00007ff895b8c000 	C:\Windows\System32\sechost.dll
0x00007ff8951e0000 - 0x00007ff895305000 	C:\Windows\System32\RPCRT4.dll
0x00007ff895cb0000 - 0x00007ff895e51000 	C:\Windows\System32\USER32.dll
0x00007ff893d00000 - 0x00007ff893d22000 	C:\Windows\System32\win32u.dll
0x00007ff883630000 - 0x00007ff8838ca000 	C:\Windows\WinSxS\amd64_microsoft.windows.common-controls_6595b64144ccf1df_6.0.19041.1110_none_60b5254171f9507e\COMCTL32.dll
0x00007ff895a60000 - 0x00007ff895a8b000 	C:\Windows\System32\GDI32.dll
0x00007ff893d30000 - 0x00007ff893e3f000 	C:\Windows\System32\gdi32full.dll
0x00007ff893810000 - 0x00007ff8938ad000 	C:\Windows\System32\msvcp_win.dll
0x00007ff889100000 - 0x00007ff88910a000 	C:\Windows\SYSTEM32\VERSION.dll
0x00007ff894080000 - 0x00007ff8940b2000 	C:\Windows\System32\IMM32.DLL
0x00007ff890180000 - 0x00007ff89018c000 	C:\Program Files\Java\jdk-19\bin\vcruntime140_1.dll
0x00007ff877840000 - 0x00007ff8778ce000 	C:\Program Files\Java\jdk-19\bin\msvcp140.dll
0x00007ff816c30000 - 0x00007ff8178f0000 	C:\Program Files\Java\jdk-19\bin\server\jvm.dll
0x00007ff891b80000 - 0x00007ff891ba7000 	C:\Windows\SYSTEM32\WINMM.dll
0x00007ff86d210000 - 0x00007ff86d219000 	C:\Windows\SYSTEM32\WSOCK32.dll
0x00007ff895b90000 - 0x00007ff895bfb000 	C:\Windows\System32\WS2_32.dll
0x00007ff891eb0000 - 0x00007ff891ec2000 	C:\Windows\SYSTEM32\kernel.appcore.dll
0x00007ff88e090000 - 0x00007ff88e09a000 	C:\Program Files\Java\jdk-19\bin\jimage.dll
0x00007ff891920000 - 0x00007ff891b04000 	C:\Windows\SYSTEM32\DBGHELP.DLL
0x00007ff891b20000 - 0x00007ff891b55000 	C:\Windows\SYSTEM32\dbgcore.DLL
0x00007ff893e40000 - 0x00007ff893ec2000 	C:\Windows\System32\bcryptPrimitives.dll
0x00007ff884900000 - 0x00007ff884926000 	C:\Program Files\Java\jdk-19\bin\java.dll
0x00007ff832cc0000 - 0x00007ff832d97000 	C:\Program Files\Java\jdk-19\bin\jsvml.dll
0x00007ff895310000 - 0x00007ff895a54000 	C:\Windows\System32\SHELL32.dll
0x00007ff891180000 - 0x00007ff891912000 	C:\Windows\SYSTEM32\windows.storage.dll
0x00007ff894360000 - 0x00007ff8946b5000 	C:\Windows\System32\combase.dll
0x00007ff892fe0000 - 0x00007ff893010000 	C:\Windows\SYSTEM32\Wldp.dll
0x00007ff895c00000 - 0x00007ff895cad000 	C:\Windows\System32\SHCORE.dll
0x00007ff894df0000 - 0x00007ff894e45000 	C:\Windows\System32\shlwapi.dll
0x00007ff8935a0000 - 0x00007ff8935bf000 	C:\Windows\SYSTEM32\profapi.dll
0x00007ff8850a0000 - 0x00007ff8850b3000 	C:\Program Files\Java\jdk-19\bin\net.dll
0x00007ff88b480000 - 0x00007ff88b58c000 	C:\Windows\SYSTEM32\WINHTTP.dll
0x00007ff892d40000 - 0x00007ff892daa000 	C:\Windows\system32\mswsock.dll
0x00007ff8847a0000 - 0x00007ff8847b6000 	C:\Program Files\Java\jdk-19\bin\nio.dll
0x00007ff87c4e0000 - 0x00007ff87c4f8000 	C:\Program Files\Java\jdk-19\bin\zip.dll

dbghelp: loaded successfully - version: 4.0.5 - missing functions: none
symbol engine: initialized successfully - sym options: 0x614 - pdb path: .;C:\Program Files\Java\jdk-19\bin;C:\Windows\SYSTEM32;C:\Windows\WinSxS\amd64_microsoft.windows.common-controls_6595b64144ccf1df_6.0.19041.1110_none_60b5254171f9507e;C:\Program Files\Java\jdk-19\bin\server

VM Arguments:
jvm_args: -Dfile.encoding=UTF-8 --module-path=C:\Users\shen\Downloads\sqljdbc_11.2.1.0_enu\sqljdbc_11.2\enu\mssql-jdbc-11.2.1.jre8.jar -XX:+ShowCodeDetailsInExceptionMessages 
java_command: test.Test
java_class_path (initial): D:\doancuoikijava\Quanliquancf2\bin;C:\Users\shen\Downloads\LGoodDatePicker-11.2.1.jar;D:\doancuoikijava\Quanliquancf2\jcalendar-1.4.jar
Launcher Type: SUN_STANDARD

[Global flags]
     intx CICompilerCount                          = 12                                        {product} {ergonomic}
     uint ConcGCThreads                            = 3                                         {product} {ergonomic}
     uint G1ConcRefinementThreads                  = 13                                        {product} {ergonomic}
   size_t G1HeapRegionSize                         = 1048576                                   {product} {ergonomic}
    uintx GCDrainStackTargetSize                   = 64                                        {product} {ergonomic}
   size_t InitialHeapSize                          = 115343360                                 {product} {ergonomic}
   size_t MarkStackSize                            = 4194304                                   {product} {ergonomic}
   size_t MaxHeapSize                              = 1832910848                                {product} {ergonomic}
   size_t MaxNewSize                               = 1098907648                                {product} {ergonomic}
   size_t MinHeapDeltaBytes                        = 1048576                                   {product} {ergonomic}
   size_t MinHeapSize                              = 8388608                                   {product} {ergonomic}
    uintx NonNMethodCodeHeapSize                   = 7602480                                {pd product} {ergonomic}
    uintx NonProfiledCodeHeapSize                  = 122027880                              {pd product} {ergonomic}
    uintx ProfiledCodeHeapSize                     = 122027880                              {pd product} {ergonomic}
    uintx ReservedCodeCacheSize                    = 251658240                              {pd product} {ergonomic}
     bool SegmentedCodeCache                       = true                                      {product} {ergonomic}
     bool ShowCodeDetailsInExceptionMessages       = true                                   {manageable} {command line}
   size_t SoftMaxHeapSize                          = 1832910848                             {manageable} {ergonomic}
     bool UseCompressedClassPointers               = true                           {product lp64_product} {ergonomic}
     bool UseCompressedOops                        = true                           {product lp64_product} {ergonomic}
     bool UseG1GC                                  = true                                      {product} {ergonomic}
     bool UseLargePagesIndividualAllocation        = false                                  {pd product} {ergonomic}

Logging:
Log output configuration:
 #0: stdout all=warning uptime,level,tags foldmultilines=false
 #1: stderr all=off uptime,level,tags foldmultilines=false

Environment Variables:
PATH=C:\Program Files\Common Files\Oracle\Java\javapath;C:\Windows\system32;C:\Windows;C:\Windows\System32\Wbem;C:\Windows\System32\WindowsPowerShell\v1.0\;C:\Windows\System32\OpenSSH\;C:\msys64\mingw64\bin;C:\Program Files\Java\jdk-19;C:\Program Files\Microsoft SQL Server\Client SDK\ODBC\170\Tools\Binn\;C:\Program Files (x86)\Microsoft SQL Server\150\Tools\Binn\;C:\Program Files\Microsoft SQL Server\150\Tools\Binn\;C:\Program Files\Microsoft SQL Server\150\DTS\Binn\;C:\Program Files (x86)\Microsoft SQL Server\150\DTS\Binn\;C:\Program Files\Azure Data Studio\bin;C:\Program Files\Git\cmd;C:\Program Files\PowerShell\7\;C:\Users\shen\AppData\Local\Microsoft\WindowsApps;C:\Users\shen\AppData\Local\Programs\Microsoft VS Code\bin;C:\Program Files\Azure Data Studio\bin
USERNAME=shen
OS=Windows_NT
PROCESSOR_IDENTIFIER=AMD64 Family 23 Model 104 Stepping 1, AuthenticAMD
TMP=C:\Users\shen\AppData\Local\Temp
TEMP=C:\Users\shen\AppData\Local\Temp



---------------  S Y S T E M  ---------------

OS:
 Windows 10 , 64 bit Build 19041 (10.0.19041.2364)
OS uptime: 5 days 10:51 hours

CPU: total 16 (initial active 16) (16 cores per cpu, 2 threads per core) family 23 model 104 stepping 1 microcode 0x0, cx8, cmov, fxsr, ht, mmx, 3dnowpref, sse, sse2, sse3, ssse3, sse4a, sse4.1, sse4.2, popcnt, lzcnt, tsc, tscinvbit, avx, avx2, aes, clmul, bmi1, bmi2, adx, sha, fma, vzeroupper, clflush, clflushopt, rdtscp, rdpid

Memory: 4k page, system-wide physical 6986M (615M free)
TotalPageFile size 28490M (AvailPageFile size 2M)
current process WorkingSet (physical memory assigned to process): 35M, peak: 35M
current process commit charge ("private bytes"): 205M, peak: 205M

vm_info: Java HotSpot(TM) 64-Bit Server VM (19+36-2238) for windows-amd64 JRE (19+36-2238), built on 2022-08-12T20:29:01Z by "mach5one" with MS VC++ 17.1 (VS2022)

END.
