#
# There is insufficient memory for the Java Runtime Environment to continue.
# Native memory allocation (mmap) failed to map 115343360 bytes for G1 virtual space
# Possible reasons:
#   The system is out of physical RAM or swap space
#   The process is running with CompressedOops enabled, and the Java Heap may be blocking the growth of the native heap
# Possible solutions:
#   Reduce memory load on the system
#   Increase physical memory or swap space
#   Check if swap backing store is full
#   Decrease Java heap size (-Xmx/-Xms)
#   Decrease number of Java threads
#   Decrease Java thread stack sizes (-Xss)
#   Set larger code cache with -XX:ReservedCodeCacheSize=
#   JVM is running with Unscaled Compressed Oops mode in which the Java heap is
#     placed in the first 4GB address space. The Java Heap base address is the
#     maximum limit for the native heap growth. Please use -XX:HeapBaseMinAddress
#     to set the Java Heap base and to place the Java Heap above 4GB virtual address.
# This output file may be truncated or incomplete.
#
#  Out of Memory Error (os_windows.cpp:3527), pid=920, tid=1936
#
# JRE version:  (19.0+36) (build )
# Java VM: Java HotSpot(TM) 64-Bit Server VM (19+36-2238, mixed mode, sharing, tiered, compressed oops, compressed class ptrs, g1 gc, windows-amd64)
# No core dump will be written. Minidumps are not enabled by default on client versions of Windows
#

---------------  S U M M A R Y ------------

Command Line: -Dfile.encoding=UTF-8 --module-path=D:\eclipse-workspace\Quanliquancf\bin -XX:+ShowCodeDetailsInExceptionMessages -Djdk.module.main=Quanliquancf Quanliquancf/test.Test

Host: AMD Ryzen 7 5700U with Radeon Graphics         , 16 cores, 6G,  Windows 10 , 64 bit Build 19041 (10.0.19041.2364)
Time: Thu Jan  5 13:50:31 2023 SE Asia Standard Time elapsed time: 0.026115 seconds (0d 0h 0m 0s)

---------------  T H R E A D  ---------------

Current thread (0x000001d0c39e7d60):  JavaThread "Unknown thread" [_thread_in_vm, id=1936, stack(0x00000050be000000,0x00000050be100000)]

Stack: [0x00000050be000000,0x00000050be100000]
Native frames: (J=compiled Java code, j=interpreted, Vv=VM code, C=native code)
V  [jvm.dll+0x6ee8fa]
V  [jvm.dll+0x857a1e]
V  [jvm.dll+0x85940e]
V  [jvm.dll+0x859ac3]
V  [jvm.dll+0x28291f]
V  [jvm.dll+0x6eb6e9]
V  [jvm.dll+0x6e028a]
V  [jvm.dll+0x357136]
V  [jvm.dll+0x35eb96]
V  [jvm.dll+0x3b555e]
V  [jvm.dll+0x3b578f]
V  [jvm.dll+0x32c6ea]
V  [jvm.dll+0x32d59e]
V  [jvm.dll+0x821b20]
V  [jvm.dll+0x3c27c1]
V  [jvm.dll+0x8022f1]
V  [jvm.dll+0x44b30f]
V  [jvm.dll+0x44cc91]
C  [jli.dll+0x5287]
C  [ucrtbase.dll+0x21bb2]
C  [KERNEL32.DLL+0x17614]
C  [ntdll.dll+0x526a1]


---------------  P R O C E S S  ---------------

Threads class SMR info:
_java_thread_list=0x00007fffb029d048, length=0, elements={
}

Java Threads: ( => current thread )

Other Threads:
  0x000001d0c3a41760 WorkerThread "GC Thread#0" [stack: 0x00000050be100000,0x00000050be200000] [id=22020]
  0x000001d0c3a50a80 ConcurrentGCThread "G1 Main Marker" [stack: 0x00000050be200000,0x00000050be300000] [id=21884]
  0x000001d0c3a524c0 WorkerThread "G1 Conc#0" [stack: 0x00000050be300000,0x00000050be400000] [id=2492]

[error occurred during error reporting (printing all threads), id 0xc0000005, EXCEPTION_ACCESS_VIOLATION (0xc0000005) at pc=0x00007fffafa5d127]

VM state: not at safepoint (not fully initialized)

VM Mutex/Monitor currently owned by a thread:  ([mutex/lock_event])
[0x000001d0c39e3fe0] Heap_lock - owner thread: 0x000001d0c39e7d60

Heap address: 0x0000000092c00000, size: 1748 MB, Compressed Oops mode: 32-bit

CDS archive(s) mapped at: [0x0000000000000000-0x0000000000000000-0x0000000000000000), size 0, SharedBaseAddress: 0x0000000800000000, ArchiveRelocationMode: 0.
Narrow klass base: 0x0000000000000000, Narrow klass shift: 0, Narrow klass range: 0x0

GC Precious Log:
 CardTable entry size: 512
 Card Set container configuration: InlinePtr #cards 5 size 8 Array Of Cards #cards 12 size 40 Howl #buckets 4 coarsen threshold 1843 Howl Bitmap #cards 512 size 80 coarsen threshold 460 Card regions per heap region 1 cards per card region 2048

Heap:
 garbage-first heap   total 0K, used 0K [0x0000000092c00000, 0x0000000100000000)
  region size 1024K, 0 young (0K), 0 survivors (0K)

[error occurred during error reporting (printing heap information), id 0xc0000005, EXCEPTION_ACCESS_VIOLATION (0xc0000005) at pc=0x00007fffafe66959]

GC Heap History (0 events):
No events

Dll operation events (1 events):
Event: 0.011 Loaded shared library C:\Program Files\Java\jdk-19\bin\java.dll

Deoptimization events (0 events):
No events

Classes loaded (0 events):
No events

Classes unloaded (0 events):
No events

Classes redefined (0 events):
No events

Internal exceptions (0 events):
No events

VM Operations (0 events):
No events

Events (0 events):
No events


Dynamic libraries:
0x00007ff7c5340000 - 0x00007ff7c5350000 	C:\Program Files\Java\jdk-19\bin\javaw.exe
0x00007ff815eb0000 - 0x00007ff8160a8000 	C:\Windows\SYSTEM32\ntdll.dll
0x00007ff814690000 - 0x00007ff81474f000 	C:\Windows\System32\KERNEL32.DLL
0x00007ff8136b0000 - 0x00007ff813982000 	C:\Windows\System32\KERNELBASE.dll
0x00007ff813a20000 - 0x00007ff813b20000 	C:\Windows\System32\ucrtbase.dll
0x00007ff80e990000 - 0x00007ff80e9ab000 	C:\Program Files\Java\jdk-19\bin\VCRUNTIME140.dll
0x00007ff80e590000 - 0x00007ff80e5a8000 	C:\Program Files\Java\jdk-19\bin\jli.dll
0x00007ff814f20000 - 0x00007ff814fce000 	C:\Windows\System32\ADVAPI32.dll
0x00007ff814c90000 - 0x00007ff814d2e000 	C:\Windows\System32\msvcrt.dll
0x00007ff813ef0000 - 0x00007ff813f8c000 	C:\Windows\System32\sechost.dll
0x00007ff814050000 - 0x00007ff814175000 	C:\Windows\System32\RPCRT4.dll
0x00007ff815360000 - 0x00007ff815501000 	C:\Windows\System32\USER32.dll
0x00007ff813b20000 - 0x00007ff813b42000 	C:\Windows\System32\win32u.dll
0x00007ff800ed0000 - 0x00007ff80116a000 	C:\Windows\WinSxS\amd64_microsoft.windows.common-controls_6595b64144ccf1df_6.0.19041.1110_none_60b5254171f9507e\COMCTL32.dll
0x00007ff815330000 - 0x00007ff81535b000 	C:\Windows\System32\GDI32.dll
0x00007ff8135a0000 - 0x00007ff8136af000 	C:\Windows\System32\gdi32full.dll
0x00007ff813b50000 - 0x00007ff813bed000 	C:\Windows\System32\msvcp_win.dll
0x00007ff8090f0000 - 0x00007ff8090fa000 	C:\Windows\SYSTEM32\VERSION.dll
0x00007ff814180000 - 0x00007ff8141b2000 	C:\Windows\System32\IMM32.DLL
0x00007ff80ec10000 - 0x00007ff80ec1c000 	C:\Program Files\Java\jdk-19\bin\vcruntime140_1.dll
0x00007ffff2bc0000 - 0x00007ffff2c4e000 	C:\Program Files\Java\jdk-19\bin\msvcp140.dll
0x00007fffaf720000 - 0x00007fffb03e0000 	C:\Program Files\Java\jdk-19\bin\server\jvm.dll
0x00007ff80eb30000 - 0x00007ff80eb39000 	C:\Windows\SYSTEM32\WSOCK32.dll
0x00007ff811310000 - 0x00007ff811337000 	C:\Windows\SYSTEM32\WINMM.dll
0x00007ff815260000 - 0x00007ff8152cb000 	C:\Windows\System32\WS2_32.dll
0x00007ff811df0000 - 0x00007ff811e02000 	C:\Windows\SYSTEM32\kernel.appcore.dll
0x00007ff80e980000 - 0x00007ff80e98a000 	C:\Program Files\Java\jdk-19\bin\jimage.dll
0x00007ff8110c0000 - 0x00007ff8112a4000 	C:\Windows\SYSTEM32\DBGHELP.DLL
0x00007ff8112b0000 - 0x00007ff8112e5000 	C:\Windows\SYSTEM32\dbgcore.DLL
0x00007ff813990000 - 0x00007ff813a12000 	C:\Windows\System32\bcryptPrimitives.dll
0x00007ff807ee0000 - 0x00007ff807f06000 	C:\Program Files\Java\jdk-19\bin\java.dll

dbghelp: loaded successfully - version: 4.0.5 - missing functions: none
symbol engine: initialized successfully - sym options: 0x614 - pdb path: .;C:\Program Files\Java\jdk-19\bin;C:\Windows\SYSTEM32;C:\Windows\WinSxS\amd64_microsoft.windows.common-controls_6595b64144ccf1df_6.0.19041.1110_none_60b5254171f9507e;C:\Program Files\Java\jdk-19\bin\server

VM Arguments:
jvm_args: -Dfile.encoding=UTF-8 --module-path=D:\eclipse-workspace\Quanliquancf\bin -XX:+ShowCodeDetailsInExceptionMessages -Djdk.module.main=Quanliquancf 
java_command: Quanliquancf/test.Test
java_class_path (initial): <not set>
Launcher Type: SUN_STANDARD

[Global flags]
     intx CICompilerCount                          = 12                                        {product} {ergonomic}
     uint ConcGCThreads                            = 3                                         {product} {ergonomic}
     uint G1ConcRefinementThreads                  = 13                                        {product} {ergonomic}
   size_t G1HeapRegionSize                         = 1048576                                   {product} {ergonomic}
    uintx GCDrainStackTargetSize                   = 64                                        {product} {ergonomic}
   size_t InitialHeapSize                          = 115343360                                 {product} {ergonomic}
   size_t MarkStackSize                            = 4194304                                   {product} {ergonomic}
   size_t MaxHeapSize                              = 1832910848                                {product} {ergonomic}
   size_t MinHeapDeltaBytes                        = 1048576                                   {product} {ergonomic}
   size_t MinHeapSize                              = 8388608                                   {product} {ergonomic}
    uintx NonNMethodCodeHeapSize                   = 7602480                                {pd product} {ergonomic}
    uintx NonProfiledCodeHeapSize                  = 122027880                              {pd product} {ergonomic}
    uintx ProfiledCodeHeapSize                     = 122027880                              {pd product} {ergonomic}
    uintx ReservedCodeCacheSize                    = 251658240                              {pd product} {ergonomic}
     bool SegmentedCodeCache                       = true                                      {product} {ergonomic}
     bool ShowCodeDetailsInExceptionMessages       = true                                   {manageable} {command line}
   size_t SoftMaxHeapSize                          = 1832910848                             {manageable} {ergonomic}
     bool UseCompressedClassPointers               = true                           {product lp64_product} {ergonomic}
     bool UseCompressedOops                        = true                           {product lp64_product} {ergonomic}
     bool UseG1GC                                  = true                                      {product} {ergonomic}
     bool UseLargePagesIndividualAllocation        = false                                  {pd product} {ergonomic}

Logging:
Log output configuration:
 #0: stdout all=warning uptime,level,tags foldmultilines=false
 #1: stderr all=off uptime,level,tags foldmultilines=false

Environment Variables:
PATH=C:\Program Files\Common Files\Oracle\Java\javapath;C:\Windows\system32;C:\Windows;C:\Windows\System32\Wbem;C:\Windows\System32\WindowsPowerShell\v1.0\;C:\Windows\System32\OpenSSH\;C:\msys64\mingw64\bin;C:\Program Files\Java\jdk-19;C:\Program Files\Microsoft SQL Server\Client SDK\ODBC\170\Tools\Binn\;C:\Program Files (x86)\Microsoft SQL Server\150\Tools\Binn\;C:\Program Files\Microsoft SQL Server\150\Tools\Binn\;C:\Program Files\Microsoft SQL Server\150\DTS\Binn\;C:\Program Files (x86)\Microsoft SQL Server\150\DTS\Binn\;C:\Program Files\Azure Data Studio\bin;C:\Program Files\Git\cmd;C:\Program Files\PowerShell\7\;C:\Users\shen\AppData\Local\Microsoft\WindowsApps;C:\Users\shen\AppData\Local\Programs\Microsoft VS Code\bin;C:\Program Files\Azure Data Studio\bin
USERNAME=shen
OS=Windows_NT
PROCESSOR_IDENTIFIER=AMD64 Family 23 Model 104 Stepping 1, AuthenticAMD
TMP=C:\Users\shen\AppData\Local\Temp
TEMP=C:\Users\shen\AppData\Local\Temp



---------------  S Y S T E M  ---------------

OS:
 Windows 10 , 64 bit Build 19041 (10.0.19041.2364)
OS uptime: 8 days 0:10 hours

CPU: total 16 (initial active 16) (16 cores per cpu, 2 threads per core) family 23 model 104 stepping 1 microcode 0x0, cx8, cmov, fxsr, ht, mmx, 3dnowpref, sse, sse2, sse3, ssse3, sse4a, sse4.1, sse4.2, popcnt, lzcnt, tsc, tscinvbit, avx, avx2, aes, clmul, bmi1, bmi2, adx, sha, fma, vzeroupper, clflush, clflushopt, rdtscp, rdpid

Memory: 4k page, system-wide physical 6986M (669M free)
TotalPageFile size 24125M (AvailPageFile size 79M)
current process WorkingSet (physical memory assigned to process): 10M, peak: 10M
current process commit charge ("private bytes"): 70M, peak: 180M

vm_info: Java HotSpot(TM) 64-Bit Server VM (19+36-2238) for windows-amd64 JRE (19+36-2238), built on 2022-08-12T20:29:01Z by "mach5one" with MS VC++ 17.1 (VS2022)

END.
