#
# There is insufficient memory for the Java Runtime Environment to continue.
# Native memory allocation (malloc) failed to allocate 65552 bytes for Chunk::new
# Possible reasons:
#   The system is out of physical RAM or swap space
#   The process is running with CompressedOops enabled, and the Java Heap may be blocking the growth of the native heap
# Possible solutions:
#   Reduce memory load on the system
#   Increase physical memory or swap space
#   Check if swap backing store is full
#   Decrease Java heap size (-Xmx/-Xms)
#   Decrease number of Java threads
#   Decrease Java thread stack sizes (-Xss)
#   Set larger code cache with -XX:ReservedCodeCacheSize=
#   JVM is running with Unscaled Compressed Oops mode in which the Java heap is
#     placed in the first 4GB address space. The Java Heap base address is the
#     maximum limit for the native heap growth. Please use -XX:HeapBaseMinAddress
#     to set the Java Heap base and to place the Java Heap above 4GB virtual address.
# This output file may be truncated or incomplete.
#
#  Out of Memory Error (arena.cpp:184), pid=16424, tid=19964
#
# JRE version: Java(TM) SE Runtime Environment (19.0+36) (build 19+36-2238)
# Java VM: Java HotSpot(TM) 64-Bit Server VM (19+36-2238, mixed mode, sharing, tiered, compressed oops, compressed class ptrs, g1 gc, windows-amd64)
# No core dump will be written. Minidumps are not enabled by default on client versions of Windows
#

---------------  S U M M A R Y ------------

Command Line: -Dfile.encoding=UTF-8 --module-path=C:\Users\shen\Downloads\sqljdbc_11.2.1.0_enu\sqljdbc_11.2\enu\mssql-jdbc-11.2.1.jre8.jar -XX:+ShowCodeDetailsInExceptionMessages test.Test

Host: AMD Ryzen 7 5700U with Radeon Graphics         , 16 cores, 6G,  Windows 10 , 64 bit Build 19041 (10.0.19041.2546)
Time: Sun Feb 19 19:05:21 2023 SE Asia Standard Time elapsed time: 168.880270 seconds (0d 0h 2m 48s)

---------------  T H R E A D  ---------------

Current thread (0x000001e6d493fc40):  JavaThread "C2 CompilerThread0" daemon [_thread_in_native, id=19964, stack(0x000000d104400000,0x000000d104500000)]


Current CompileTask:
C2: 168880 4385       4       sun.java2d.pipe.BufferedContext::validate (575 bytes)

Stack: [0x000000d104400000,0x000000d104500000]
Native frames: (J=compiled Java code, j=interpreted, Vv=VM code, C=native code)
V  [jvm.dll+0x6ee8fa]
V  [jvm.dll+0x857a1e]
V  [jvm.dll+0x85940e]
V  [jvm.dll+0x859ac3]
V  [jvm.dll+0x28291f]
V  [jvm.dll+0xc9b5f]
V  [jvm.dll+0xc9ee5]
V  [jvm.dll+0xc9c84]
V  [jvm.dll+0x6ccd6c]
V  [jvm.dll+0x67aa86]
V  [jvm.dll+0x6801e7]
V  [jvm.dll+0x68113c]
V  [jvm.dll+0x67f594]
V  [jvm.dll+0x24c14e]
V  [jvm.dll+0x24b671]
V  [jvm.dll+0x1d6d61]
V  [jvm.dll+0x25b0fa]
V  [jvm.dll+0x259588]
V  [jvm.dll+0x807928]
V  [jvm.dll+0x8015fa]
V  [jvm.dll+0x6ed5eb]
C  [ucrtbase.dll+0x21bb2]
C  [KERNEL32.DLL+0x17614]
C  [ntdll.dll+0x526a1]


---------------  P R O C E S S  ---------------

Threads class SMR info:
_java_thread_list=0x000001e6d94b00d0, length=18, elements={
0x000001e6d492b6a0, 0x000001e6d492c490, 0x000001e6d4933f30, 0x000001e6d4934ae0,
0x000001e6d4935410, 0x000001e6d493de90, 0x000001e6d493fc40, 0x000001e6d4945ac0,
0x000001e6d494ec00, 0x000001e6d4902300, 0x000001e6d8f7ad40, 0x000001e6d95a2b80,
0x000001e6d95a30c0, 0x000001e6d9517450, 0x000001e6d97dc940, 0x000001e6b60bb1a0,
0x000001e6da127e00, 0x000001e6da285880
}

Java Threads: ( => current thread )
  0x000001e6d492b6a0 JavaThread "Reference Handler" daemon [_thread_blocked, id=26872, stack(0x000000d103e00000,0x000000d103f00000)]
  0x000001e6d492c490 JavaThread "Finalizer" daemon [_thread_blocked, id=28544, stack(0x000000d103f00000,0x000000d104000000)]
  0x000001e6d4933f30 JavaThread "Signal Dispatcher" daemon [_thread_blocked, id=11128, stack(0x000000d104000000,0x000000d104100000)]
  0x000001e6d4934ae0 JavaThread "Attach Listener" daemon [_thread_blocked, id=23020, stack(0x000000d104100000,0x000000d104200000)]
  0x000001e6d4935410 JavaThread "Service Thread" daemon [_thread_blocked, id=19608, stack(0x000000d104200000,0x000000d104300000)]
  0x000001e6d493de90 JavaThread "Monitor Deflation Thread" daemon [_thread_blocked, id=9480, stack(0x000000d104300000,0x000000d104400000)]
=>0x000001e6d493fc40 JavaThread "C2 CompilerThread0" daemon [_thread_in_native, id=19964, stack(0x000000d104400000,0x000000d104500000)]
  0x000001e6d4945ac0 JavaThread "C1 CompilerThread0" daemon [_thread_blocked, id=23208, stack(0x000000d104500000,0x000000d104600000)]
  0x000001e6d494ec00 JavaThread "Sweeper thread" daemon [_thread_blocked, id=21760, stack(0x000000d104600000,0x000000d104700000)]
  0x000001e6d4902300 JavaThread "Common-Cleaner" daemon [_thread_blocked, id=28816, stack(0x000000d104700000,0x000000d104800000)]
  0x000001e6d8f7ad40 JavaThread "Notification Thread" daemon [_thread_blocked, id=20300, stack(0x000000d104c00000,0x000000d104d00000)]
  0x000001e6d95a2b80 JavaThread "Java2D Disposer" daemon [_thread_blocked, id=25216, stack(0x000000d104f00000,0x000000d105000000)]
  0x000001e6d95a30c0 JavaThread "AWT-Shutdown" [_thread_blocked, id=9880, stack(0x000000d105000000,0x000000d105100000)]
  0x000001e6d9517450 JavaThread "AWT-Windows" daemon [_thread_in_native, id=27984, stack(0x000000d105100000,0x000000d105200000)]
  0x000001e6d97dc940 JavaThread "AWT-EventQueue-0" [_thread_blocked, id=28316, stack(0x000000d106b00000,0x000000d106c00000)]
  0x000001e6b60bb1a0 JavaThread "DestroyJavaVM" [_thread_blocked, id=20264, stack(0x000000d103700000,0x000000d103800000)]
  0x000001e6da127e00 JavaThread "D3D Screen Updater" daemon [_thread_blocked, id=13316, stack(0x000000d106d00000,0x000000d106e00000)]
  0x000001e6da285880 JavaThread "TimerQueue" daemon [_thread_blocked, id=2268, stack(0x000000d107100000,0x000000d107200000)]

Other Threads:
  0x000001e6d49134e0 VMThread "VM Thread" [stack: 0x000000d103d00000,0x000000d103e00000] [id=17132]
  0x000001e6b60bc1c0 WatcherThread "VM Periodic Task Thread" [stack: 0x000000d104d00000,0x000000d104e00000] [id=21208]
  0x000001e6b6114d80 WorkerThread "GC Thread#0" [stack: 0x000000d103800000,0x000000d103900000] [id=3476]
  0x000001e6d90d0310 WorkerThread "GC Thread#1" [stack: 0x000000d105f00000,0x000000d106000000] [id=22652]
  0x000001e6d90cf230 WorkerThread "GC Thread#2" [stack: 0x000000d106000000,0x000000d106100000] [id=8748]
  0x000001e6d90cec90 WorkerThread "GC Thread#3" [stack: 0x000000d106100000,0x000000d106200000] [id=4864]
  0x000001e6d90ce9c0 WorkerThread "GC Thread#4" [stack: 0x000000d106200000,0x000000d106300000] [id=9552]
  0x000001e6d90d05e0 WorkerThread "GC Thread#5" [stack: 0x000000d106300000,0x000000d106400000] [id=26892]
  0x000001e6d90cf7d0 WorkerThread "GC Thread#6" [stack: 0x000000d106400000,0x000000d106500000] [id=22400]
  0x000001e6d90cef60 WorkerThread "GC Thread#7" [stack: 0x000000d106500000,0x000000d106600000] [id=7596]
  0x000001e6d90cfaa0 WorkerThread "GC Thread#8" [stack: 0x000000d106600000,0x000000d106700000] [id=18680]
  0x000001e6d9d5df10 WorkerThread "GC Thread#9" [stack: 0x000000d106700000,0x000000d106800000] [id=28172]
  0x000001e6d9d5d3d0 WorkerThread "GC Thread#10" [stack: 0x000000d106800000,0x000000d106900000] [id=9440]
  0x000001e6d9d5eff0 WorkerThread "GC Thread#11" [stack: 0x000000d106900000,0x000000d106a00000] [id=26952]
  0x000001e6d9d5bd50 WorkerThread "GC Thread#12" [stack: 0x000000d106a00000,0x000000d106b00000] [id=25572]
  0x000001e6b6124110 ConcurrentGCThread "G1 Main Marker" [stack: 0x000000d103900000,0x000000d103a00000] [id=29680]
  0x000001e6b61252e0 WorkerThread "G1 Conc#0" [stack: 0x000000d103a00000,0x000000d103b00000] [id=10972]
  0x000001e6d9d5c5c0 WorkerThread "G1 Conc#1" [stack: 0x000000d106f00000,0x000000d107000000] [id=8464]
  0x000001e6d9d5d100 WorkerThread "G1 Conc#2" [stack: 0x000000d107000000,0x000000d107100000] [id=22864]
  0x000001e6b618e500 ConcurrentGCThread "G1 Refine#0" [stack: 0x000000d103b00000,0x000000d103c00000] [id=24084]
  0x000001e6d47d2150 ConcurrentGCThread "G1 Service" [stack: 0x000000d103c00000,0x000000d103d00000] [id=16656]

Threads with active compile tasks:
C2 CompilerThread0   168901 4385       4       sun.java2d.pipe.BufferedContext::validate (575 bytes)

VM state: not at safepoint (normal execution)

VM Mutex/Monitor currently owned by a thread: None

Heap address: 0x0000000092c00000, size: 1748 MB, Compressed Oops mode: 32-bit

CDS archive(s) mapped at: [0x0000000800000000-0x0000000800c40000-0x0000000800c40000), size 12845056, SharedBaseAddress: 0x0000000800000000, ArchiveRelocationMode: 0.
Compressed class space mapped at: 0x0000000801000000-0x0000000841000000, reserved size: 1073741824
Narrow klass base: 0x0000000800000000, Narrow klass shift: 0, Narrow klass range: 0x100000000

GC Precious Log:
 CardTable entry size: 512
 Card Set container configuration: InlinePtr #cards 5 size 8 Array Of Cards #cards 12 size 40 Howl #buckets 4 coarsen threshold 1843 Howl Bitmap #cards 512 size 80 coarsen threshold 460 Card regions per heap region 1 cards per card region 2048
 CPUs: 16 total, 16 available
 Memory: 6986M
 Large Page Support: Disabled
 NUMA Support: Disabled
 Compressed Oops: Enabled (32-bit)
 Heap Region Size: 1M
 Heap Min Capacity: 8M
 Heap Initial Capacity: 110M
 Heap Max Capacity: 1748M
 Pre-touch: Disabled
 Parallel Workers: 13
 Concurrent Workers: 3
 Concurrent Refinement Workers: 13
 Periodic GC: Disabled

Heap:
 garbage-first heap   total 30720K, used 7516K [0x0000000092c00000, 0x0000000100000000)
  region size 1024K, 2 young (2048K), 1 survivors (1024K)
 Metaspace       used 21957K, committed 22208K, reserved 1114112K
  class space    used 2277K, committed 2432K, reserved 1048576K

Heap Regions: E=young(eden), S=young(survivor), O=old, HS=humongous(starts), HC=humongous(continues), CS=collection set, F=free, OA=open archive, CA=closed archive, TAMS=top-at-mark-start (previous, next)
|   0|0x0000000092c00000, 0x0000000092d00000, 0x0000000092d00000|100%| O|  |TAMS 0x0000000092d00000, 0x0000000092c00000| Untracked 
|   1|0x0000000092d00000, 0x0000000092e00000, 0x0000000092e00000|100%| O|  |TAMS 0x0000000092d4f400, 0x0000000092d00000| Untracked 
|   2|0x0000000092e00000, 0x0000000092f00000, 0x0000000092f00000|100%| O|  |TAMS 0x0000000092e00000, 0x0000000092e00000| Untracked 
|   3|0x0000000092f00000, 0x0000000093000000, 0x0000000093000000|100%| O|  |TAMS 0x0000000092f00000, 0x0000000092f00000| Untracked 
|   4|0x0000000093000000, 0x000000009306a800, 0x0000000093100000| 41%| O|  |TAMS 0x0000000093000000, 0x0000000093000000| Complete 
|   5|0x0000000093100000, 0x0000000093200000, 0x0000000093200000|100%| O|  |TAMS 0x0000000093100000, 0x0000000093100000| Untracked 
|   6|0x0000000093200000, 0x0000000093300000, 0x0000000093300000|100%| O|  |TAMS 0x0000000093200000, 0x0000000093200000| Untracked 
|   7|0x0000000093300000, 0x000000009337ce00, 0x0000000093400000| 48%| O|  |TAMS 0x0000000093300000, 0x0000000093300000| Untracked 
|   8|0x0000000093400000, 0x0000000093400000, 0x0000000093500000|  0%| F|  |TAMS 0x0000000093400000, 0x0000000093400000| Untracked 
|   9|0x0000000093500000, 0x0000000093500000, 0x0000000093600000|  0%| F|  |TAMS 0x0000000093500000, 0x0000000093500000| Untracked 
|  10|0x0000000093600000, 0x0000000093600000, 0x0000000093700000|  0%| F|  |TAMS 0x0000000093600000, 0x0000000093600000| Untracked 
|  11|0x0000000093700000, 0x000000009376fb40, 0x0000000093800000| 43%| S|CS|TAMS 0x0000000093700000, 0x0000000093700000| Complete 
|  12|0x0000000093800000, 0x0000000093800000, 0x0000000093900000|  0%| F|  |TAMS 0x0000000093800000, 0x0000000093800000| Untracked 
|  13|0x0000000093900000, 0x0000000093900000, 0x0000000093a00000|  0%| F|  |TAMS 0x0000000093900000, 0x0000000093900000| Untracked 
|  14|0x0000000093a00000, 0x0000000093a00000, 0x0000000093b00000|  0%| F|  |TAMS 0x0000000093a00000, 0x0000000093a00000| Untracked 
|  15|0x0000000093b00000, 0x0000000093b00000, 0x0000000093c00000|  0%| F|  |TAMS 0x0000000093b00000, 0x0000000093b00000| Untracked 
|  16|0x0000000093c00000, 0x0000000093c00000, 0x0000000093d00000|  0%| F|  |TAMS 0x0000000093c00000, 0x0000000093c00000| Untracked 
|  17|0x0000000093d00000, 0x0000000093d00000, 0x0000000093e00000|  0%| F|  |TAMS 0x0000000093d00000, 0x0000000093d00000| Untracked 
|  18|0x0000000093e00000, 0x0000000093e00000, 0x0000000093f00000|  0%| F|  |TAMS 0x0000000093e00000, 0x0000000093e00000| Untracked 
|  19|0x0000000093f00000, 0x0000000093f00000, 0x0000000094000000|  0%| F|  |TAMS 0x0000000093f00000, 0x0000000093f00000| Untracked 
|  20|0x0000000094000000, 0x0000000094000000, 0x0000000094100000|  0%| F|  |TAMS 0x0000000094000000, 0x0000000094000000| Untracked 
|  21|0x0000000094100000, 0x0000000094100000, 0x0000000094200000|  0%| F|  |TAMS 0x0000000094100000, 0x0000000094100000| Untracked 
|  22|0x0000000094200000, 0x0000000094200000, 0x0000000094300000|  0%| F|  |TAMS 0x0000000094200000, 0x0000000094200000| Untracked 
|  23|0x0000000094300000, 0x0000000094300000, 0x0000000094400000|  0%| F|  |TAMS 0x0000000094300000, 0x0000000094300000| Untracked 
|  24|0x0000000094400000, 0x0000000094400000, 0x0000000094500000|  0%| F|  |TAMS 0x0000000094400000, 0x0000000094400000| Untracked 
|  25|0x0000000094500000, 0x0000000094500000, 0x0000000094600000|  0%| F|  |TAMS 0x0000000094500000, 0x0000000094500000| Untracked 
|  92|0x0000000098800000, 0x0000000098800000, 0x0000000098900000|  0%| F|  |TAMS 0x0000000098800000, 0x0000000098800000| Untracked 
|  93|0x0000000098900000, 0x0000000098900000, 0x0000000098a00000|  0%| F|  |TAMS 0x0000000098900000, 0x0000000098900000| Untracked 
|  94|0x0000000098a00000, 0x0000000098a00000, 0x0000000098b00000|  0%| F|  |TAMS 0x0000000098a00000, 0x0000000098a00000| Untracked 
| 109|0x0000000099900000, 0x0000000099a00000, 0x0000000099a00000|100%| E|  |TAMS 0x0000000099900000, 0x0000000099900000| Complete 

Card table byte_map: [0x000001e6cdc10000,0x000001e6cdf80000] _byte_map_base: 0x000001e6cd77a000

Marking Bits (Prev, Next): (CMBitMap*) 0x000001e6b61153f0, (CMBitMap*) 0x000001e6b61153b0
 Prev Bits: [0x000001e6cfe40000, 0x000001e6d1990000)
 Next Bits: [0x000001e6ce2f0000, 0x000001e6cfe40000)

Polling page: 0x000001e6b4010000

Metaspace:

Usage:
  Non-class:     19.22 MB used.
      Class:      2.22 MB used.
       Both:     21.44 MB used.

Virtual space:
  Non-class space:       64.00 MB reserved,      19.31 MB ( 30%) committed,  1 nodes.
      Class space:        1.00 GB reserved,       2.38 MB ( <1%) committed,  1 nodes.
             Both:        1.06 GB reserved,      21.69 MB (  2%) committed. 

Chunk freelists:
   Non-Class:  334.00 KB
       Class:  1.66 MB
        Both:  1.99 MB

MaxMetaspaceSize: unlimited
CompressedClassSpaceSize: 1.00 GB
Initial GC threshold: 21.00 MB
Current GC threshold: 35.12 MB
CDS: on
MetaspaceReclaimPolicy: balanced
 - commit_granule_bytes: 65536.
 - commit_granule_words: 8192.
 - virtual_space_node_default_size: 8388608.
 - enlarge_chunks_in_place: 1.
 - new_chunks_are_fully_committed: 0.
 - uncommit_free_chunks: 1.
 - use_allocation_guard: 0.


Internal statistics:

num_allocs_failed_limit: 3.
num_arena_births: 202.
num_arena_deaths: 0.
num_vsnodes_births: 2.
num_vsnodes_deaths: 0.
num_space_committed: 347.
num_space_uncommitted: 0.
num_chunks_returned_to_freelist: 3.
num_chunks_taken_from_freelist: 397.
num_chunk_merges: 0.
num_chunk_splits: 242.
num_chunks_enlarged: 153.
num_inconsistent_stats: 0.

CodeHeap 'non-profiled nmethods': size=119168Kb used=1446Kb max_used=1446Kb free=117721Kb
 bounds [0x000001e6c5bc0000, 0x000001e6c5e30000, 0x000001e6cd020000]
CodeHeap 'profiled nmethods': size=119104Kb used=9200Kb max_used=9200Kb free=109903Kb
 bounds [0x000001e6be020000, 0x000001e6be920000, 0x000001e6c5470000]
CodeHeap 'non-nmethods': size=7488Kb used=1495Kb max_used=3214Kb free=5992Kb
 bounds [0x000001e6c5470000, 0x000001e6c57a0000, 0x000001e6c5bc0000]
 total_blobs=5152 nmethods=4388 adapters=671
 compilation: enabled
              stopped_count=0, restarted_count=0
 full_count=0

Compilation events (20 events):
Event: 168.804 Thread 0x000001e6d493fc40 4381       4       java.util.concurrent.locks.ReentrantLock$NonfairSync::tryAcquire (27 bytes)
Event: 168.804 Thread 0x000001e6d4945ac0 nmethod 4380 0x000001e6be918110 code [0x000001e6be9184e0, 0x000001e6be919fe8]
Event: 168.805 Thread 0x000001e6d493fc40 nmethod 4381 0x000001e6c5d27c10 code [0x000001e6c5d27d80, 0x000001e6c5d27ed8]
Event: 168.811 Thread 0x000001e6d493fc40 4382   !   4       sun.font.FileFontStrike::getCachedGlyphPtr (27 bytes)
Event: 168.812 Thread 0x000001e6d493fc40 nmethod 4382 0x000001e6c5d27f90 code [0x000001e6c5d28120, 0x000001e6c5d28258]
Event: 168.842 Thread 0x000001e6d493fc40 4383       4       java.awt.geom.AffineTransform::transform (635 bytes)
Event: 168.854 Thread 0x000001e6d493fc40 nmethod 4383 0x000001e6c5d28390 code [0x000001e6c5d28520, 0x000001e6c5d28c78]
Event: 168.854 Thread 0x000001e6d493fc40 4384       4       sun.java2d.pipe.BufferedContext::validateContext (26 bytes)
Event: 168.856 Thread 0x000001e6d493fc40 nmethod 4384 0x000001e6c5d29010 code [0x000001e6c5d291c0, 0x000001e6c5d29358]
Event: 168.856 Thread 0x000001e6d493fc40 4385       4       sun.java2d.pipe.BufferedContext::validate (575 bytes)
Event: 168.871 Thread 0x000001e6d4945ac0 4387       3       javax.swing.text.Utilities::getTabbedTextWidth (12 bytes)
Event: 168.871 Thread 0x000001e6d4945ac0 nmethod 4387 0x000001e6be91ab90 code [0x000001e6be91ad40, 0x000001e6be91ae88]
Event: 168.871 Thread 0x000001e6d4945ac0 4390       3       javax.swing.plaf.metal.MetalUtils::drawGradient (59 bytes)
Event: 168.872 Thread 0x000001e6d4945ac0 nmethod 4390 0x000001e6be91af10 code [0x000001e6be91b120, 0x000001e6be91b878]
Event: 168.872 Thread 0x000001e6d4945ac0 4388       3       javax.swing.text.Utilities::getTabbedTextWidth (17 bytes)
Event: 168.872 Thread 0x000001e6d4945ac0 nmethod 4388 0x000001e6be91ba90 code [0x000001e6be91bc40, 0x000001e6be91bd88]
Event: 168.872 Thread 0x000001e6d4945ac0 4389       3       sun.java2d.pipe.RenderBuffer::position (11 bytes)
Event: 168.872 Thread 0x000001e6d4945ac0 nmethod 4389 0x000001e6be91be90 code [0x000001e6be91c020, 0x000001e6be91c138]
Event: 168.875 Thread 0x000001e6d4945ac0 4391       1       java.awt.Component::getInputMethodRequests (2 bytes)
Event: 168.875 Thread 0x000001e6d4945ac0 nmethod 4391 0x000001e6c5d29590 code [0x000001e6c5d29720, 0x000001e6c5d297f8]

GC Heap History (6 events):
Event: 0.739 GC heap before
{Heap before GC invocations=0 (full 0):
 garbage-first heap   total 112640K, used 22528K [0x0000000092c00000, 0x0000000100000000)
  region size 1024K, 23 young (23552K), 0 survivors (0K)
 Metaspace       used 13687K, committed 13888K, reserved 1114112K
  class space    used 1369K, committed 1472K, reserved 1048576K
}
Event: 0.745 GC heap after
{Heap after GC invocations=1 (full 0):
 garbage-first heap   total 112640K, used 4413K [0x0000000092c00000, 0x0000000100000000)
  region size 1024K, 3 young (3072K), 3 survivors (3072K)
 Metaspace       used 13687K, committed 13888K, reserved 1114112K
  class space    used 1369K, committed 1472K, reserved 1048576K
}
Event: 7.121 GC heap before
{Heap before GC invocations=1 (full 0):
 garbage-first heap   total 112640K, used 18749K [0x0000000092c00000, 0x0000000100000000)
  region size 1024K, 18 young (18432K), 3 survivors (3072K)
 Metaspace       used 21214K, committed 21504K, reserved 1114112K
  class space    used 2248K, committed 2368K, reserved 1048576K
}
Event: 7.127 GC heap after
{Heap after GC invocations=2 (full 0):
 garbage-first heap   total 112640K, used 7174K [0x0000000092c00000, 0x0000000100000000)
  region size 1024K, 3 young (3072K), 3 survivors (3072K)
 Metaspace       used 21214K, committed 21504K, reserved 1114112K
  class space    used 2248K, committed 2368K, reserved 1048576K
}
Event: 168.785 GC heap before
{Heap before GC invocations=3 (full 0):
 garbage-first heap   total 30720K, used 21510K [0x0000000092c00000, 0x0000000100000000)
  region size 1024K, 18 young (18432K), 3 survivors (3072K)
 Metaspace       used 21950K, committed 22208K, reserved 1114112K
  class space    used 2277K, committed 2432K, reserved 1048576K
}
Event: 168.788 GC heap after
{Heap after GC invocations=4 (full 0):
 garbage-first heap   total 30720K, used 7516K [0x0000000092c00000, 0x0000000100000000)
  region size 1024K, 1 young (1024K), 1 survivors (1024K)
 Metaspace       used 21950K, committed 22208K, reserved 1114112K
  class space    used 2277K, committed 2432K, reserved 1048576K
}

Dll operation events (12 events):
Event: 0.007 Loaded shared library C:\Program Files\Java\jdk-19\bin\java.dll
Event: 0.016 Loaded shared library C:\Program Files\Java\jdk-19\bin\jsvml.dll
Event: 0.062 Loaded shared library C:\Program Files\Java\jdk-19\bin\net.dll
Event: 0.063 Loaded shared library C:\Program Files\Java\jdk-19\bin\nio.dll
Event: 0.070 Loaded shared library C:\Program Files\Java\jdk-19\bin\zip.dll
Event: 0.154 Loaded shared library C:\Program Files\Java\jdk-19\bin\jimage.dll
Event: 0.314 Loaded shared library C:\Program Files\Java\jdk-19\bin\extnet.dll
Event: 0.358 Loaded shared library C:\Program Files\Java\jdk-19\bin\sunmscapi.dll
Event: 0.590 Loaded shared library C:\Program Files\Java\jdk-19\bin\awt.dll
Event: 0.825 Loaded shared library C:\Program Files\Java\jdk-19\bin\freetype.dll
Event: 0.825 Loaded shared library C:\Program Files\Java\jdk-19\bin\fontmanager.dll
Event: 0.873 Loaded shared library C:\Program Files\Java\jdk-19\bin\verify.dll

Deoptimization events (20 events):
Event: 4.902 Thread 0x000001e6d97dc940 DEOPT PACKING pc=0x000001e6c5c486a0 sp=0x000000d106bfd3a0
Event: 4.902 Thread 0x000001e6d97dc940 DEOPT UNPACKING pc=0x000001e6c54d6da3 sp=0x000000d106bfd328 mode 2
Event: 6.181 Thread 0x000001e6d97dc940 Uncommon trap: trap_request=0xffffffde fr.pc=0x000001e6c5c486a0 relative=0x0000000000000180
Event: 6.181 Thread 0x000001e6d97dc940 Uncommon trap: reason=class_check action=maybe_recompile pc=0x000001e6c5c486a0 method=java.lang.String.equals(Ljava/lang/Object;)Z @ 8 c2
Event: 6.181 Thread 0x000001e6d97dc940 DEOPT PACKING pc=0x000001e6c5c486a0 sp=0x000000d106bfd2e0
Event: 6.182 Thread 0x000001e6d97dc940 DEOPT UNPACKING pc=0x000001e6c54d6da3 sp=0x000000d106bfd268 mode 2
Event: 6.210 Thread 0x000001e6d97dc940 DEOPT PACKING pc=0x000001e6be23e35e sp=0x000000d106bfd1a0
Event: 6.211 Thread 0x000001e6d97dc940 DEOPT UNPACKING pc=0x000001e6c54d7543 sp=0x000000d106bfc5d0 mode 0
Event: 12.971 Thread 0x000001e6d97dc940 DEOPT PACKING pc=0x000001e6be14d648 sp=0x000000d106bfd2b0
Event: 12.971 Thread 0x000001e6d97dc940 DEOPT UNPACKING pc=0x000001e6c54d7543 sp=0x000000d106bfc730 mode 0
Event: 12.971 Thread 0x000001e6d97dc940 DEOPT PACKING pc=0x000001e6be5094f5 sp=0x000000d106bfd730
Event: 12.971 Thread 0x000001e6d97dc940 DEOPT UNPACKING pc=0x000001e6c54d7543 sp=0x000000d106bfcbb8 mode 0
Event: 12.994 Thread 0x000001e6d97dc940 DEOPT PACKING pc=0x000001e6be5094f5 sp=0x000000d106bfd740
Event: 12.994 Thread 0x000001e6d97dc940 DEOPT UNPACKING pc=0x000001e6c54d7543 sp=0x000000d106bfcbc8 mode 0
Event: 12.999 Thread 0x000001e6d97dc940 DEOPT PACKING pc=0x000001e6be22dfe2 sp=0x000000d106bfd100
Event: 12.999 Thread 0x000001e6d97dc940 DEOPT UNPACKING pc=0x000001e6c54d7543 sp=0x000000d106bfc588 mode 0
Event: 27.703 Thread 0x000001e6d97dc940 Uncommon trap: trap_request=0xffffff45 fr.pc=0x000001e6c5ce0054 relative=0x0000000000000df4
Event: 27.703 Thread 0x000001e6d97dc940 Uncommon trap: reason=unstable_if action=reinterpret pc=0x000001e6c5ce0054 method=java.awt.Container.getMouseEventTargetImpl(IIZLjava/awt/Container$EventTargetFilter;ZZ)Ljava/awt/Component; @ 218 c2
Event: 27.703 Thread 0x000001e6d97dc940 DEOPT PACKING pc=0x000001e6c5ce0054 sp=0x000000d106bfefb0
Event: 27.703 Thread 0x000001e6d97dc940 DEOPT UNPACKING pc=0x000001e6c54d6da3 sp=0x000000d106bfef48 mode 2

Classes loaded (20 events):
Event: 8.724 Loading class java/awt/image/FilteredImageSource
Event: 8.724 Loading class java/awt/image/FilteredImageSource done
Event: 10.999 Loading class java/lang/Throwable$WrappedPrintStream
Event: 11.005 Loading class java/lang/Throwable$PrintStreamOrWriter
Event: 11.005 Loading class java/lang/Throwable$PrintStreamOrWriter done
Event: 11.005 Loading class java/lang/Throwable$WrappedPrintStream done
Event: 11.006 Loading class java/lang/StackTraceElement$HashedModules
Event: 11.006 Loading class java/lang/StackTraceElement$HashedModules done
Event: 12.159 Loading class javax/swing/text/JTextComponent$InputMethodRequestsHandler
Event: 12.160 Loading class javax/swing/text/JTextComponent$InputMethodRequestsHandler done
Event: 12.334 Loading class sun/awt/DebugSettings
Event: 12.335 Loading class sun/awt/DebugSettings done
Event: 12.335 Loading class javax/swing/JComponent$KeyboardState
Event: 12.335 Loading class javax/swing/JComponent$KeyboardState done
Event: 12.335 Loading class javax/swing/JComponent$IntVector
Event: 12.335 Loading class javax/swing/JComponent$IntVector done
Event: 12.336 Loading class javax/swing/JComponent$ActionStandin
Event: 12.336 Loading class javax/swing/JComponent$ActionStandin done
Event: 18.205 Loading class java/security/DomainCombiner
Event: 18.205 Loading class java/security/DomainCombiner done

Classes unloaded (0 events):
No events

Classes redefined (0 events):
No events

Internal exceptions (20 events):
Event: 0.382 Thread 0x000001e6b60bb1a0 Exception <a 'java/lang/NoSuchMethodError'{0x0000000098cf7398}: 'java.lang.Object java.lang.invoke.DirectMethodHandle$Holder.invokeStaticInit(java.lang.Object)'> (0x0000000098cf7398) 
thrown [s\open\src\hotspot\share\interpreter\linkResolver.cpp, line 774]
Event: 0.478 Thread 0x000001e6b60bb1a0 Exception <a 'java/lang/NoSuchMethodError'{0x0000000098a74630}: 'void java.lang.invoke.DirectMethodHandle$Holder.invokeVirtual(java.lang.Object, java.lang.Object)'> (0x0000000098a74630) 
thrown [s\open\src\hotspot\share\interpreter\linkResolver.cpp, line 774]
Event: 0.587 Thread 0x000001e6b60bb1a0 Exception <a 'java/lang/ClassNotFoundException'{0x00000000986f20d0}: sun/awt/resources/spi/awtProvider> (0x00000000986f20d0) 
thrown [s\open\src\hotspot\share\classfile\systemDictionary.cpp, line 255]
Event: 0.595 Thread 0x000001e6b60bb1a0 Exception <a 'java/io/FileNotFoundException'{0x00000000985209b8}> (0x00000000985209b8) 
thrown [s\open\src\hotspot\share\prims\jni.cpp, line 517]
Event: 0.601 Thread 0x000001e6b60bb1a0 Exception <a 'java/io/FileNotFoundException'{0x000000009854cd50}> (0x000000009854cd50) 
thrown [s\open\src\hotspot\share\prims\jni.cpp, line 517]
Event: 0.639 Thread 0x000001e6d97d7420 Exception <a 'java/lang/NoSuchMethodError'{0x0000000098488070}: 'java.lang.Object java.lang.invoke.DirectMethodHandle$Holder.newInvokeSpecial(java.lang.Object, java.lang.Object, java.lang.Object, int, int, int, int, int)'> (0x0000000098488070) 
thrown [s\open\src\hotspot\share\interpreter\linkResolver.cpp, line 774]
Event: 0.712 Thread 0x000001e6b60bb1a0 Exception <a 'java/lang/NoSuchMethodError'{0x0000000098310160}: 'java.lang.Object java.lang.invoke.DirectMethodHandle$Holder.newInvokeSpecial(java.lang.Object, java.lang.Object, java.lang.Object, java.lang.Object, java.lang.Object)'> (0x0000000098310160) 
thrown [s\open\src\hotspot\share\interpreter\linkResolver.cpp, line 774]
Event: 0.720 Thread 0x000001e6b60bb1a0 Exception <a 'java/lang/NoSuchMethodError'{0x0000000098341878}: 'java.lang.Object java.lang.invoke.DirectMethodHandle$Holder.invokeStatic(java.lang.Object, int, java.lang.Object)'> (0x0000000098341878) 
thrown [s\open\src\hotspot\share\interpreter\linkResolver.cpp, line 774]
Event: 0.747 Thread 0x000001e6b60bb1a0 Exception <a 'java/lang/ClassNotFoundException'{0x0000000099967698}: com/sun/swing/internal/plaf/metal/resources/spi/metalProvider> (0x0000000099967698) 
thrown [s\open\src\hotspot\share\classfile\systemDictionary.cpp, line 255]
Event: 0.749 Thread 0x000001e6b60bb1a0 Exception <a 'java/lang/ClassNotFoundException'{0x000000009996b638}: com/sun/swing/internal/plaf/basic/resources/spi/basicProvider> (0x000000009996b638) 
thrown [s\open\src\hotspot\share\classfile\systemDictionary.cpp, line 255]
Event: 0.755 Thread 0x000001e6b60bb1a0 Implicit null exception at 0x000001e6c5be8c58 to 0x000001e6c5be8cee
Event: 0.758 Thread 0x000001e6b60bb1a0 Exception <a 'java/lang/NoSuchMethodError'{0x0000000099988430}: 'int java.lang.invoke.Invokers$Holder.invokeExact_MT(java.lang.Object, java.lang.Object)'> (0x0000000099988430) 
thrown [s\open\src\hotspot\share\interpreter\linkResolver.cpp, line 774]
Event: 0.759 Thread 0x000001e6b60bb1a0 Implicit null exception at 0x000001e6c5c0686c to 0x000001e6c5c06a4c
Event: 0.759 Thread 0x000001e6b60bb1a0 Implicit null exception at 0x000001e6c5c0d2ec to 0x000001e6c5c0d4bc
Event: 0.759 Thread 0x000001e6b60bb1a0 Implicit null exception at 0x000001e6c5be4aaf to 0x000001e6c5be4b29
Event: 0.981 Thread 0x000001e6b60bb1a0 Exception <a 'java/lang/NoSuchMethodError'{0x0000000099459c68}: 'void java.lang.invoke.DirectMethodHandle$Holder.invokeStaticInit(java.lang.Object)'> (0x0000000099459c68) 
thrown [s\open\src\hotspot\share\interpreter\linkResolver.cpp, line 774]
Event: 2.384 Thread 0x000001e6d97dc940 Implicit null exception at 0x000001e6c5c7c190 to 0x000001e6c5c7c9a4
Event: 4.144 Thread 0x000001e6d97dc940 Exception <a 'java/lang/NoSuchMethodError'{0x0000000098c95808}: 'int java.lang.invoke.DirectMethodHandle$Holder.invokeStatic(java.lang.Object)'> (0x0000000098c95808) 
thrown [s\open\src\hotspot\share\interpreter\linkResolver.cpp, line 774]
Event: 8.723 Thread 0x000001e6d97d7420 Exception <a 'java/io/FileNotFoundException'{0x0000000094419508}> (0x0000000094419508) 
thrown [s\open\src\hotspot\share\prims\jni.cpp, line 517]
Event: 8.724 Thread 0x000001e6d97d7420 Exception <a 'java/io/FileNotFoundException'{0x0000000094419b08}> (0x0000000094419b08) 
thrown [s\open\src\hotspot\share\prims\jni.cpp, line 517]

VM Operations (20 events):
Event: 19.841 Executing VM operation: Cleanup
Event: 19.841 Executing VM operation: Cleanup done
Event: 21.856 Executing VM operation: Cleanup
Event: 21.857 Executing VM operation: Cleanup done
Event: 22.869 Executing VM operation: Cleanup
Event: 22.869 Executing VM operation: Cleanup done
Event: 23.884 Executing VM operation: Cleanup
Event: 23.884 Executing VM operation: Cleanup done
Event: 24.894 Executing VM operation: Cleanup
Event: 24.894 Executing VM operation: Cleanup done
Event: 26.916 Executing VM operation: Cleanup
Event: 26.916 Executing VM operation: Cleanup done
Event: 27.917 Executing VM operation: Cleanup
Event: 27.917 Executing VM operation: Cleanup done
Event: 35.975 Executing VM operation: Cleanup
Event: 35.975 Executing VM operation: Cleanup done
Event: 67.231 Executing VM operation: Cleanup
Event: 67.231 Executing VM operation: Cleanup done
Event: 168.785 Executing VM operation: G1CollectForAllocation
Event: 168.788 Executing VM operation: G1CollectForAllocation done

Events (20 events):
Event: 6.926 Thread 0x000001e6d9364830 Thread exited: 0x000001e6d9364830
Event: 7.255 Thread 0x000001e6da285880 Thread added: 0x000001e6da285880
Event: 7.910 Thread 0x000001e6d8e48ed0 Thread exited: 0x000001e6d8e48ed0
Event: 7.910 Thread 0x000001e6d8e46940 Thread exited: 0x000001e6d8e46940
Event: 11.751 Thread 0x000001e6d4902b40 Thread exited: 0x000001e6d4902b40
Event: 12.983 Thread 0x000001e6da2f6600 Thread added: 0x000001e6da2f6600
Event: 12.983 Thread 0x000001e6d9057d00 Thread added: 0x000001e6d9057d00
Event: 12.983 Thread 0x000001e6d9058280 Thread added: 0x000001e6d9058280
Event: 13.734 Thread 0x000001e6d97d7420 Thread exited: 0x000001e6d97d7420
Event: 14.471 Thread 0x000001e6d9058280 Thread exited: 0x000001e6d9058280
Event: 15.110 Thread 0x000001e6d9057d00 Thread exited: 0x000001e6d9057d00
Event: 16.911 Thread 0x000001e6da2f6600 Thread exited: 0x000001e6da2f6600
Event: 19.310 Thread 0x000001e6dab083e0 Thread added: 0x000001e6dab083e0
Event: 19.662 Thread 0x000001e6dab083e0 Thread exited: 0x000001e6dab083e0
Event: 24.181 Thread 0x000001e6d94af200 Thread added: 0x000001e6d94af200
Event: 24.181 Thread 0x000001e6d94aff90 Thread added: 0x000001e6d94aff90
Event: 24.181 Thread 0x000001e6d94b0510 Thread added: 0x000001e6d94b0510
Event: 25.288 Thread 0x000001e6d94b0510 Thread exited: 0x000001e6d94b0510
Event: 25.833 Thread 0x000001e6d94aff90 Thread exited: 0x000001e6d94aff90
Event: 26.556 Thread 0x000001e6d94af200 Thread exited: 0x000001e6d94af200


Dynamic libraries:
0x00007ff78dd10000 - 0x00007ff78dd20000 	C:\Program Files\Java\jdk-19\bin\javaw.exe
0x00007ff94bb90000 - 0x00007ff94bd88000 	C:\Windows\SYSTEM32\ntdll.dll
0x00007ff94b430000 - 0x00007ff94b4ef000 	C:\Windows\System32\KERNEL32.DLL
0x00007ff949840000 - 0x00007ff949b12000 	C:\Windows\System32\KERNELBASE.dll
0x00007ff949460000 - 0x00007ff949560000 	C:\Windows\System32\ucrtbase.dll
0x00007ff942830000 - 0x00007ff94284b000 	C:\Program Files\Java\jdk-19\bin\VCRUNTIME140.dll
0x00007ff930a80000 - 0x00007ff930a98000 	C:\Program Files\Java\jdk-19\bin\jli.dll
0x00007ff94af60000 - 0x00007ff94b00e000 	C:\Windows\System32\ADVAPI32.dll
0x00007ff94b020000 - 0x00007ff94b0be000 	C:\Windows\System32\msvcrt.dll
0x00007ff949e50000 - 0x00007ff949eec000 	C:\Windows\System32\sechost.dll
0x00007ff94b1d0000 - 0x00007ff94b2f5000 	C:\Windows\System32\RPCRT4.dll
0x00007ff949be0000 - 0x00007ff949d81000 	C:\Windows\System32\USER32.dll
0x00007ff9495d0000 - 0x00007ff9495f2000 	C:\Windows\System32\win32u.dll
0x00007ff934360000 - 0x00007ff9345fa000 	C:\Windows\WinSxS\amd64_microsoft.windows.common-controls_6595b64144ccf1df_6.0.19041.1110_none_60b5254171f9507e\COMCTL32.dll
0x00007ff94b1a0000 - 0x00007ff94b1cb000 	C:\Windows\System32\GDI32.dll
0x00007ff949730000 - 0x00007ff94983f000 	C:\Windows\System32\gdi32full.dll
0x00007ff949690000 - 0x00007ff94972d000 	C:\Windows\System32\msvcp_win.dll
0x00007ff940950000 - 0x00007ff94095a000 	C:\Windows\SYSTEM32\VERSION.dll
0x00007ff94a0a0000 - 0x00007ff94a0d2000 	C:\Windows\System32\IMM32.DLL
0x00007ff93bf80000 - 0x00007ff93bf8c000 	C:\Program Files\Java\jdk-19\bin\vcruntime140_1.dll
0x00007ff928670000 - 0x00007ff9286fe000 	C:\Program Files\Java\jdk-19\bin\msvcp140.dll
0x00007ff8f4ec0000 - 0x00007ff8f5b80000 	C:\Program Files\Java\jdk-19\bin\server\jvm.dll
0x00007ff92eff0000 - 0x00007ff92eff9000 	C:\Windows\SYSTEM32\WSOCK32.dll
0x00007ff9477a0000 - 0x00007ff9477c7000 	C:\Windows\SYSTEM32\WINMM.dll
0x00007ff94b4f0000 - 0x00007ff94b55b000 	C:\Windows\System32\WS2_32.dll
0x00007ff947ad0000 - 0x00007ff947ae2000 	C:\Windows\SYSTEM32\kernel.appcore.dll
0x00007ff939780000 - 0x00007ff93978a000 	C:\Program Files\Java\jdk-19\bin\jimage.dll
0x00007ff947540000 - 0x00007ff947724000 	C:\Windows\SYSTEM32\DBGHELP.DLL
0x00007ff947740000 - 0x00007ff947775000 	C:\Windows\SYSTEM32\dbgcore.DLL
0x00007ff949600000 - 0x00007ff949682000 	C:\Windows\System32\bcryptPrimitives.dll
0x00007ff92ef80000 - 0x00007ff92efa6000 	C:\Program Files\Java\jdk-19\bin\java.dll
0x00007ff909930000 - 0x00007ff909a07000 	C:\Program Files\Java\jdk-19\bin\jsvml.dll
0x00007ff94a1b0000 - 0x00007ff94a8f5000 	C:\Windows\System32\SHELL32.dll
0x00007ff946da0000 - 0x00007ff947532000 	C:\Windows\SYSTEM32\windows.storage.dll
0x00007ff94b7f0000 - 0x00007ff94bb45000 	C:\Windows\System32\combase.dll
0x00007ff948c00000 - 0x00007ff948c30000 	C:\Windows\SYSTEM32\Wldp.dll
0x00007ff94a960000 - 0x00007ff94aa0d000 	C:\Windows\System32\SHCORE.dll
0x00007ff94b120000 - 0x00007ff94b175000 	C:\Windows\System32\shlwapi.dll
0x00007ff9491c0000 - 0x00007ff9491df000 	C:\Windows\SYSTEM32\profapi.dll
0x00007ff9309e0000 - 0x00007ff9309f3000 	C:\Program Files\Java\jdk-19\bin\net.dll
0x00007ff9406c0000 - 0x00007ff9407cc000 	C:\Windows\SYSTEM32\WINHTTP.dll
0x00007ff948960000 - 0x00007ff9489ca000 	C:\Windows\system32\mswsock.dll
0x00007ff9304e0000 - 0x00007ff9304f6000 	C:\Program Files\Java\jdk-19\bin\nio.dll
0x00007ff930410000 - 0x00007ff930428000 	C:\Program Files\Java\jdk-19\bin\zip.dll
0x00007ff8eb4a0000 - 0x00007ff8eb4b7000 	C:\Windows\system32\napinsp.dll
0x00007ff8eb480000 - 0x00007ff8eb49b000 	C:\Windows\system32\pnrpnsp.dll
0x00007ff923100000 - 0x00007ff923115000 	C:\Windows\system32\wshbth.dll
0x00007ff9420c0000 - 0x00007ff9420dd000 	C:\Windows\system32\NLAapi.dll
0x00007ff948650000 - 0x00007ff94868b000 	C:\Windows\SYSTEM32\IPHLPAPI.DLL
0x00007ff948690000 - 0x00007ff94875b000 	C:\Windows\SYSTEM32\DNSAPI.dll
0x00007ff949bd0000 - 0x00007ff949bd8000 	C:\Windows\System32\NSI.dll
0x00007ff8eb2d0000 - 0x00007ff8eb2e2000 	C:\Windows\System32\winrnr.dll
0x00007ff93af60000 - 0x00007ff93af6a000 	C:\Windows\System32\rasadhlp.dll
0x00007ff93b2c0000 - 0x00007ff93b340000 	C:\Windows\System32\fwpuclnt.dll
0x00007ff949430000 - 0x00007ff949457000 	C:\Windows\System32\bcrypt.dll
0x00007ff930090000 - 0x00007ff930098000 	C:\Program Files\Java\jdk-19\bin\extnet.dll
0x00007ff948b60000 - 0x00007ff948b78000 	C:\Windows\SYSTEM32\CRYPTSP.dll
0x00007ff948280000 - 0x00007ff9482b4000 	C:\Windows\system32\rsaenh.dll
0x00007ff949180000 - 0x00007ff9491ae000 	C:\Windows\SYSTEM32\USERENV.dll
0x00007ff948b50000 - 0x00007ff948b5c000 	C:\Windows\SYSTEM32\CRYPTBASE.dll
0x00007ff941510000 - 0x00007ff941527000 	C:\Windows\SYSTEM32\dhcpcsvc6.DLL
0x00007ff941df0000 - 0x00007ff941e0d000 	C:\Windows\SYSTEM32\dhcpcsvc.DLL
0x00007ff930a70000 - 0x00007ff930a7e000 	C:\Program Files\Java\jdk-19\bin\sunmscapi.dll
0x00007ff949280000 - 0x00007ff9493d6000 	C:\Windows\System32\CRYPT32.dll
0x00007ff948c70000 - 0x00007ff948c97000 	C:\Windows\SYSTEM32\ncrypt.dll
0x00007ff948c30000 - 0x00007ff948c6b000 	C:\Windows\SYSTEM32\NTASN1.dll
0x00007ff909410000 - 0x00007ff9095a1000 	C:\Program Files\Java\jdk-19\bin\awt.dll
0x00007ff94a0e0000 - 0x00007ff94a1ad000 	C:\Windows\System32\OLEAUT32.dll
0x00007ff9463c0000 - 0x00007ff946450000 	C:\Windows\SYSTEM32\apphelp.dll
0x00007ff946630000 - 0x00007ff9466ce000 	C:\Windows\system32\uxtheme.dll
0x00007ff949ef0000 - 0x00007ff94a005000 	C:\Windows\System32\MSCTF.dll
0x00007ff94b300000 - 0x00007ff94b42a000 	C:\Windows\System32\ole32.dll
0x00007ff946810000 - 0x00007ff94683f000 	C:\Windows\system32\DWMAPI.DLL
0x00007ff90c610000 - 0x00007ff90c735000 	C:\Windows\system32\opengl32.dll
0x00007ff910ec0000 - 0x00007ff910eec000 	C:\Windows\SYSTEM32\GLU32.dll
0x00007ff90d950000 - 0x00007ff90db1e000 	C:\Windows\system32\d3d9.dll
0x00007ff93f4c0000 - 0x00007ff93f67a000 	C:\Windows\System32\DriverStore\FileRepository\u0381956.inf_amd64_daa7e2b35887d534\B381180\aticfx64.dll
0x00007ff92ed60000 - 0x00007ff92ed94000 	C:\Windows\System32\DriverStore\FileRepository\u0381956.inf_amd64_daa7e2b35887d534\B381180\atiu9p64.dll
0x00007ff8dfda0000 - 0x00007ff8e0af6000 	C:\Windows\System32\DriverStore\FileRepository\u0381956.inf_amd64_daa7e2b35887d534\B381180\atiumd64.dll
0x000000005c080000 - 0x000000005cf3f000 	C:\Windows\System32\DriverStore\FileRepository\u0381956.inf_amd64_daa7e2b35887d534\B381180\atiumd6a.dll
0x00007ff94aa90000 - 0x00007ff94aef8000 	C:\Windows\System32\SETUPAPI.dll
0x00007ff9493e0000 - 0x00007ff94942e000 	C:\Windows\System32\cfgmgr32.dll
0x00007ff9490f0000 - 0x00007ff94913b000 	C:\Windows\SYSTEM32\POWRPROF.dll
0x00007ff9490d0000 - 0x00007ff9490e2000 	C:\Windows\SYSTEM32\UMPDC.dll
0x00007ff940800000 - 0x00007ff940830000 	C:\Windows\SYSTEM32\amdihk64.dll
0x00007ff940830000 - 0x00007ff94086b000 	C:\Windows\SYSTEM32\dxcore.dll
0x00007ff9245c0000 - 0x00007ff924646000 	C:\Program Files\Java\jdk-19\bin\freetype.dll
0x00007ff908e70000 - 0x00007ff908f19000 	C:\Program Files\Java\jdk-19\bin\fontmanager.dll
0x00007ff931e10000 - 0x00007ff931e20000 	C:\Program Files\Java\jdk-19\bin\verify.dll
0x00007ff949d90000 - 0x00007ff949e39000 	C:\Windows\System32\clbcatq.dll
0x00007ff9424b0000 - 0x00007ff942664000 	C:\Windows\SYSTEM32\WindowsCodecs.dll
0x00007ff92f790000 - 0x00007ff92f7ce000 	C:\Windows\system32\dataexchange.dll
0x00007ff944d00000 - 0x00007ff944f63000 	C:\Windows\system32\d3d11.dll
0x00007ff945530000 - 0x00007ff945713000 	C:\Windows\system32\dcomp.dll
0x00007ff947b40000 - 0x00007ff947c33000 	C:\Windows\system32\dxgi.dll
0x00007ff943890000 - 0x00007ff943a90000 	C:\Windows\system32\twinapi.appcore.dll
0x00007ff9321c0000 - 0x00007ff9322b9000 	C:\Windows\SYSTEM32\textinputframework.dll
0x00007ff945d50000 - 0x00007ff9460ae000 	C:\Windows\System32\CoreUIComponents.dll
0x00007ff9461b0000 - 0x00007ff9462a2000 	C:\Windows\System32\CoreMessaging.dll
0x00007ff9483c0000 - 0x00007ff9483f3000 	C:\Windows\SYSTEM32\ntmarta.dll
0x00007ff945bf0000 - 0x00007ff945d44000 	C:\Windows\SYSTEM32\wintypes.dll

dbghelp: loaded successfully - version: 4.0.5 - missing functions: none
symbol engine: initialized successfully - sym options: 0x614 - pdb path: .;C:\Program Files\Java\jdk-19\bin;C:\Windows\SYSTEM32;C:\Windows\WinSxS\amd64_microsoft.windows.common-controls_6595b64144ccf1df_6.0.19041.1110_none_60b5254171f9507e;C:\Program Files\Java\jdk-19\bin\server;C:\Windows\System32\DriverStore\FileRepository\u0381956.inf_amd64_daa7e2b35887d534\B381180

VM Arguments:
jvm_args: -Dfile.encoding=UTF-8 --module-path=C:\Users\shen\Downloads\sqljdbc_11.2.1.0_enu\sqljdbc_11.2\enu\mssql-jdbc-11.2.1.jre8.jar -XX:+ShowCodeDetailsInExceptionMessages 
java_command: test.Test
java_class_path (initial): D:\doancuoikijava\Quanliquancf2\bin;C:\Users\shen\Downloads\LGoodDatePicker-11.2.1.jar;D:\doancuoikijava\Quanliquancf2\jcalendar-1.4.jar
Launcher Type: SUN_STANDARD

[Global flags]
     intx CICompilerCount                          = 12                                        {product} {ergonomic}
     uint ConcGCThreads                            = 3                                         {product} {ergonomic}
     uint G1ConcRefinementThreads                  = 13                                        {product} {ergonomic}
   size_t G1HeapRegionSize                         = 1048576                                   {product} {ergonomic}
    uintx GCDrainStackTargetSize                   = 64                                        {product} {ergonomic}
   size_t InitialHeapSize                          = 115343360                                 {product} {ergonomic}
   size_t MarkStackSize                            = 4194304                                   {product} {ergonomic}
   size_t MaxHeapSize                              = 1832910848                                {product} {ergonomic}
   size_t MaxNewSize                               = 1098907648                                {product} {ergonomic}
   size_t MinHeapDeltaBytes                        = 1048576                                   {product} {ergonomic}
   size_t MinHeapSize                              = 8388608                                   {product} {ergonomic}
    uintx NonNMethodCodeHeapSize                   = 7602480                                {pd product} {ergonomic}
    uintx NonProfiledCodeHeapSize                  = 122027880                              {pd product} {ergonomic}
    uintx ProfiledCodeHeapSize                     = 122027880                              {pd product} {ergonomic}
    uintx ReservedCodeCacheSize                    = 251658240                              {pd product} {ergonomic}
     bool SegmentedCodeCache                       = true                                      {product} {ergonomic}
     bool ShowCodeDetailsInExceptionMessages       = true                                   {manageable} {command line}
   size_t SoftMaxHeapSize                          = 1832910848                             {manageable} {ergonomic}
     bool UseCompressedClassPointers               = true                           {product lp64_product} {ergonomic}
     bool UseCompressedOops                        = true                           {product lp64_product} {ergonomic}
     bool UseG1GC                                  = true                                      {product} {ergonomic}
     bool UseLargePagesIndividualAllocation        = false                                  {pd product} {ergonomic}

Logging:
Log output configuration:
 #0: stdout all=warning uptime,level,tags foldmultilines=false
 #1: stderr all=off uptime,level,tags foldmultilines=false

Environment Variables:
PATH=C:\Program Files\Common Files\Oracle\Java\javapath;C:\Windows\system32;C:\Windows;C:\Windows\System32\Wbem;C:\Windows\System32\WindowsPowerShell\v1.0\;C:\Windows\System32\OpenSSH\;C:\msys64\mingw64\bin;C:\Program Files\Java\jdk-19;C:\Program Files\Microsoft SQL Server\Client SDK\ODBC\170\Tools\Binn\;C:\Program Files (x86)\Microsoft SQL Server\150\Tools\Binn\;C:\Program Files\Microsoft SQL Server\150\Tools\Binn\;C:\Program Files\Microsoft SQL Server\150\DTS\Binn\;C:\Program Files (x86)\Microsoft SQL Server\150\DTS\Binn\;C:\Program Files\Azure Data Studio\bin;C:\Program Files\Git\cmd;C:\Program Files\PowerShell\7\;C:\Users\shen\AppData\Local\Microsoft\WindowsApps;C:\Users\shen\AppData\Local\Programs\Microsoft VS Code\bin;C:\Program Files\Azure Data Studio\bin
USERNAME=shen
OS=Windows_NT
PROCESSOR_IDENTIFIER=AMD64 Family 23 Model 104 Stepping 1, AuthenticAMD
TMP=C:\Users\shen\AppData\Local\Temp
TEMP=C:\Users\shen\AppData\Local\Temp



---------------  S Y S T E M  ---------------

OS:
 Windows 10 , 64 bit Build 19041 (10.0.19041.2546)
OS uptime: 2 days 5:27 hours

CPU: total 16 (initial active 16) (16 cores per cpu, 2 threads per core) family 23 model 104 stepping 1 microcode 0x0, cx8, cmov, fxsr, ht, mmx, 3dnowpref, sse, sse2, sse3, ssse3, sse4a, sse4.1, sse4.2, popcnt, lzcnt, tsc, tscinvbit, avx, avx2, aes, clmul, bmi1, bmi2, adx, sha, fma, vzeroupper, clflush, clflushopt, rdtscp, rdpid

Memory: 4k page, system-wide physical 6986M (175M free)
TotalPageFile size 28490M (AvailPageFile size 3M)
current process WorkingSet (physical memory assigned to process): 159M, peak: 172M
current process commit charge ("private bytes"): 285M, peak: 339M

vm_info: Java HotSpot(TM) 64-Bit Server VM (19+36-2238) for windows-amd64 JRE (19+36-2238), built on 2022-08-12T20:29:01Z by "mach5one" with MS VC++ 17.1 (VS2022)

END.
