#
# There is insufficient memory for the Java Runtime Environment to continue.
# Native memory allocation (mmap) failed to map 65536 bytes for Failed to commit metaspace.
# Possible reasons:
#   The system is out of physical RAM or swap space
#   The process is running with CompressedOops enabled, and the Java Heap may be blocking the growth of the native heap
# Possible solutions:
#   Reduce memory load on the system
#   Increase physical memory or swap space
#   Check if swap backing store is full
#   Decrease Java heap size (-Xmx/-Xms)
#   Decrease number of Java threads
#   Decrease Java thread stack sizes (-Xss)
#   Set larger code cache with -XX:ReservedCodeCacheSize=
#   JVM is running with Unscaled Compressed Oops mode in which the Java heap is
#     placed in the first 4GB address space. The Java Heap base address is the
#     maximum limit for the native heap growth. Please use -XX:HeapBaseMinAddress
#     to set the Java Heap base and to place the Java Heap above 4GB virtual address.
# This output file may be truncated or incomplete.
#
#  Out of Memory Error (virtualSpaceNode.cpp:110), pid=21672, tid=10688
#
# JRE version: Java(TM) SE Runtime Environment (19.0+36) (build 19+36-2238)
# Java VM: Java HotSpot(TM) 64-Bit Server VM (19+36-2238, mixed mode, tiered, compressed oops, compressed class ptrs, g1 gc, windows-amd64)
# No core dump will be written. Minidumps are not enabled by default on client versions of Windows
#

---------------  S U M M A R Y ------------

Command Line: -Dfile.encoding=UTF-8 --module-path=C:\Users\shen\Downloads\sqljdbc_11.2.1.0_enu\sqljdbc_11.2\enu\mssql-jdbc-11.2.1.jre8.jar -XX:+ShowCodeDetailsInExceptionMessages test.Test

Host: AMD Ryzen 7 5700U with Radeon Graphics         , 16 cores, 6G,  Windows 10 , 64 bit Build 19041 (10.0.19041.2364)
Time: Wed Feb 15 20:17:01 2023 SE Asia Standard Time elapsed time: 0.736183 seconds (0d 0h 0m 0s)

---------------  T H R E A D  ---------------

Current thread (0x000002a0ae47d030):  JavaThread "main" [_thread_in_vm, id=10688, stack(0x000000f061200000,0x000000f061300000)]

Stack: [0x000000f061200000,0x000000f061300000]
Native frames: (J=compiled Java code, j=interpreted, Vv=VM code, C=native code)
V  [jvm.dll+0x6ee8fa]
V  [jvm.dll+0x857a1e]
V  [jvm.dll+0x85940e]
V  [jvm.dll+0x859ac3]
V  [jvm.dll+0x28291f]
V  [jvm.dll+0x85369b]
V  [jvm.dll+0x693276]
V  [jvm.dll+0x6932da]
V  [jvm.dll+0x695bd3]
V  [jvm.dll+0x695a9e]
V  [jvm.dll+0x693c9e]
V  [jvm.dll+0x3c500f]
V  [jvm.dll+0x21608b]
V  [jvm.dll+0x5aa300]
V  [jvm.dll+0x22567a]
V  [jvm.dll+0x7ccb72]
V  [jvm.dll+0x7cdfba]
V  [jvm.dll+0x7ce2e8]
V  [jvm.dll+0x271d6b]
V  [jvm.dll+0x3da3de]
C  0x000002a0bf06d17e

Java frames: (J=compiled Java code, j=interpreted, Vv=VM code)
j  javax.swing.text.AbstractDocument.<init>(Ljavax/swing/text/AbstractDocument$Content;Ljavax/swing/text/AbstractDocument$AttributeContext;)V+103 java.desktop@19
j  javax.swing.text.AbstractDocument.<init>(Ljavax/swing/text/AbstractDocument$Content;)V+5 java.desktop@19
j  javax.swing.text.PlainDocument.<init>(Ljavax/swing/text/AbstractDocument$Content;)V+2 java.desktop@19
j  javax.swing.text.PlainDocument.<init>()V+8 java.desktop@19
j  javax.swing.text.DefaultEditorKit.createDefaultDocument()Ljavax/swing/text/Document;+4 java.desktop@19
j  javax.swing.plaf.basic.BasicTextUI.installUI(Ljavax/swing/JComponent;)V+151 java.desktop@19
j  javax.swing.JComponent.setUI(Ljavax/swing/plaf/ComponentUI;)V+52 java.desktop@19
j  javax.swing.text.JTextComponent.setUI(Ljavax/swing/plaf/TextUI;)V+2 java.desktop@19
j  javax.swing.text.JTextComponent.updateUI()V+8 java.desktop@19
j  javax.swing.text.JTextComponent.<init>()V+62 java.desktop@19
j  javax.swing.JTextField.<init>(Ljavax/swing/text/Document;Ljava/lang/String;I)V+1 java.desktop@19
j  javax.swing.JTextField.<init>()V+4 java.desktop@19
j  view.MainView.<init>()V+289
j  test.Test.main([Ljava/lang/String;)V+4
v  ~StubRoutines::call_stub 0x000002a0bf04100e

---------------  P R O C E S S  ---------------

Threads class SMR info:
_java_thread_list=0x000002a0d375e0e0, length=20, elements={
0x000002a0ae47d030, 0x000002a0ced3dfb0, 0x000002a0d3063020, 0x000002a0d306f360,
0x000002a0d306fc90, 0x000002a0d30705c0, 0x000002a0d3070ef0, 0x000002a0d304bca0,
0x000002a0d304e640, 0x000002a0d3039020, 0x000002a0d320f160, 0x000002a0d3226d50,
0x000002a0d3396ee0, 0x000002a0d324e850, 0x000002a0d34c5730, 0x000002a0d3638c80,
0x000002a0d3785010, 0x000002a0d3791fb0, 0x000002a0d3798990, 0x000002a0d378f500
}

Java Threads: ( => current thread )
=>0x000002a0ae47d030 JavaThread "main" [_thread_in_vm, id=10688, stack(0x000000f061200000,0x000000f061300000)]
  0x000002a0ced3dfb0 JavaThread "Reference Handler" daemon [_thread_blocked, id=3908, stack(0x000000f061900000,0x000000f061a00000)]
  0x000002a0d3063020 JavaThread "Finalizer" daemon [_thread_blocked, id=27768, stack(0x000000f061a00000,0x000000f061b00000)]
  0x000002a0d306f360 JavaThread "Signal Dispatcher" daemon [_thread_blocked, id=2144, stack(0x000000f061b00000,0x000000f061c00000)]
  0x000002a0d306fc90 JavaThread "Attach Listener" daemon [_thread_blocked, id=9452, stack(0x000000f061c00000,0x000000f061d00000)]
  0x000002a0d30705c0 JavaThread "Service Thread" daemon [_thread_blocked, id=29408, stack(0x000000f061d00000,0x000000f061e00000)]
  0x000002a0d3070ef0 JavaThread "Monitor Deflation Thread" daemon [_thread_blocked, id=22156, stack(0x000000f061e00000,0x000000f061f00000)]
  0x000002a0d304bca0 JavaThread "C2 CompilerThread0" daemon [_thread_blocked, id=4816, stack(0x000000f061f00000,0x000000f062000000)]
  0x000002a0d304e640 JavaThread "C1 CompilerThread0" daemon [_thread_blocked, id=22724, stack(0x000000f062000000,0x000000f062100000)]
  0x000002a0d3039020 JavaThread "Sweeper thread" daemon [_thread_blocked, id=27720, stack(0x000000f062100000,0x000000f062200000)]
  0x000002a0d320f160 JavaThread "Common-Cleaner" daemon [_thread_blocked, id=13952, stack(0x000000f062200000,0x000000f062300000)]
  0x000002a0d3226d50 JavaThread "C1 CompilerThread1" daemon [_thread_blocked, id=21896, stack(0x000000f062300000,0x000000f062400000)]
  0x000002a0d3396ee0 JavaThread "C1 CompilerThread2" daemon [_thread_blocked, id=8424, stack(0x000000f062400000,0x000000f062500000)]
  0x000002a0d324e850 JavaThread "C1 CompilerThread3" daemon [_thread_blocked, id=8668, stack(0x000000f062500000,0x000000f062600000)]
  0x000002a0d34c5730 JavaThread "C2 CompilerThread1" daemon [_thread_blocked, id=19640, stack(0x000000f062600000,0x000000f062700000)]
  0x000002a0d3638c80 JavaThread "Notification Thread" daemon [_thread_blocked, id=16096, stack(0x000000f062700000,0x000000f062800000)]
  0x000002a0d3785010 JavaThread "Java2D Disposer" daemon [_thread_blocked, id=5852, stack(0x000000f062900000,0x000000f062a00000)]
  0x000002a0d3791fb0 JavaThread "AWT-Shutdown" [_thread_blocked, id=13132, stack(0x000000f062a00000,0x000000f062b00000)]
  0x000002a0d3798990 JavaThread "AWT-Windows" daemon [_thread_in_native, id=3400, stack(0x000000f062b00000,0x000000f062c00000)]
  0x000002a0d378f500 JavaThread "Image Fetcher 0" daemon [_thread_blocked, id=7832, stack(0x000000f062c00000,0x000000f062d00000)]

Other Threads:
  0x000002a0ceccc400 VMThread "VM Thread" [stack: 0x000000f061800000,0x000000f061900000] [id=29476]
  0x000002a0d363a1e0 WatcherThread "VM Periodic Task Thread" [stack: 0x000000f062800000,0x000000f062900000] [id=6504]
  0x000002a0ae512340 WorkerThread "GC Thread#0" [stack: 0x000000f061300000,0x000000f061400000] [id=20036]
  0x000002a0ae521570 ConcurrentGCThread "G1 Main Marker" [stack: 0x000000f061400000,0x000000f061500000] [id=25052]
  0x000002a0ae521eb0 WorkerThread "G1 Conc#0" [stack: 0x000000f061500000,0x000000f061600000] [id=10796]
  0x000002a0ceb79500 ConcurrentGCThread "G1 Refine#0" [stack: 0x000000f061600000,0x000000f061700000] [id=12700]
  0x000002a0ceb7af60 ConcurrentGCThread "G1 Service" [stack: 0x000000f061700000,0x000000f061800000] [id=25076]

Threads with active compile tasks:

VM state: not at safepoint (normal execution)

VM Mutex/Monitor currently owned by a thread:  ([mutex/lock_event])
[0x000002a0ae4b6b80] Metaspace_lock - owner thread: 0x000002a0ae47d030

Heap address: 0x0000000092c00000, size: 1748 MB, Compressed Oops mode: 32-bit

CDS archive(s) not mapped
Compressed class space mapped at: 0x0000000100000000-0x0000000140000000, reserved size: 1073741824
Narrow klass base: 0x0000000000000000, Narrow klass shift: 3, Narrow klass range: 0x140000000

GC Precious Log:
 CardTable entry size: 512
 Card Set container configuration: InlinePtr #cards 5 size 8 Array Of Cards #cards 12 size 40 Howl #buckets 4 coarsen threshold 1843 Howl Bitmap #cards 512 size 80 coarsen threshold 460 Card regions per heap region 1 cards per card region 2048
 CPUs: 16 total, 16 available
 Memory: 6986M
 Large Page Support: Disabled
 NUMA Support: Disabled
 Compressed Oops: Enabled (32-bit)
 Heap Region Size: 1M
 Heap Min Capacity: 8M
 Heap Initial Capacity: 110M
 Heap Max Capacity: 1748M
 Pre-touch: Disabled
 Parallel Workers: 13
 Concurrent Workers: 3
 Concurrent Refinement Workers: 13
 Periodic GC: Disabled

Heap:
 garbage-first heap   total 112640K, used 11264K [0x0000000092c00000, 0x0000000100000000)
  region size 1024K, 12 young (12288K), 0 survivors (0K)
 Metaspace       used 16439K, committed 16576K, reserved 1114112K
  class space    used 1559K, committed 1600K, reserved 1048576K

Heap Regions: E=young(eden), S=young(survivor), O=old, HS=humongous(starts), HC=humongous(continues), CS=collection set, F=free, OA=open archive, CA=closed archive, TAMS=top-at-mark-start (previous, next)
|   0|0x0000000092c00000, 0x0000000092c00000, 0x0000000092d00000|  0%| F|  |TAMS 0x0000000092c00000, 0x0000000092c00000| Untracked 
|   1|0x0000000092d00000, 0x0000000092d00000, 0x0000000092e00000|  0%| F|  |TAMS 0x0000000092d00000, 0x0000000092d00000| Untracked 
|   2|0x0000000092e00000, 0x0000000092e00000, 0x0000000092f00000|  0%| F|  |TAMS 0x0000000092e00000, 0x0000000092e00000| Untracked 
|   3|0x0000000092f00000, 0x0000000092f00000, 0x0000000093000000|  0%| F|  |TAMS 0x0000000092f00000, 0x0000000092f00000| Untracked 
|   4|0x0000000093000000, 0x0000000093000000, 0x0000000093100000|  0%| F|  |TAMS 0x0000000093000000, 0x0000000093000000| Untracked 
|   5|0x0000000093100000, 0x0000000093100000, 0x0000000093200000|  0%| F|  |TAMS 0x0000000093100000, 0x0000000093100000| Untracked 
|   6|0x0000000093200000, 0x0000000093200000, 0x0000000093300000|  0%| F|  |TAMS 0x0000000093200000, 0x0000000093200000| Untracked 
|   7|0x0000000093300000, 0x0000000093300000, 0x0000000093400000|  0%| F|  |TAMS 0x0000000093300000, 0x0000000093300000| Untracked 
|   8|0x0000000093400000, 0x0000000093400000, 0x0000000093500000|  0%| F|  |TAMS 0x0000000093400000, 0x0000000093400000| Untracked 
|   9|0x0000000093500000, 0x0000000093500000, 0x0000000093600000|  0%| F|  |TAMS 0x0000000093500000, 0x0000000093500000| Untracked 
|  10|0x0000000093600000, 0x0000000093600000, 0x0000000093700000|  0%| F|  |TAMS 0x0000000093600000, 0x0000000093600000| Untracked 
|  11|0x0000000093700000, 0x0000000093700000, 0x0000000093800000|  0%| F|  |TAMS 0x0000000093700000, 0x0000000093700000| Untracked 
|  12|0x0000000093800000, 0x0000000093800000, 0x0000000093900000|  0%| F|  |TAMS 0x0000000093800000, 0x0000000093800000| Untracked 
|  13|0x0000000093900000, 0x0000000093900000, 0x0000000093a00000|  0%| F|  |TAMS 0x0000000093900000, 0x0000000093900000| Untracked 
|  14|0x0000000093a00000, 0x0000000093a00000, 0x0000000093b00000|  0%| F|  |TAMS 0x0000000093a00000, 0x0000000093a00000| Untracked 
|  15|0x0000000093b00000, 0x0000000093b00000, 0x0000000093c00000|  0%| F|  |TAMS 0x0000000093b00000, 0x0000000093b00000| Untracked 
|  16|0x0000000093c00000, 0x0000000093c00000, 0x0000000093d00000|  0%| F|  |TAMS 0x0000000093c00000, 0x0000000093c00000| Untracked 
|  17|0x0000000093d00000, 0x0000000093d00000, 0x0000000093e00000|  0%| F|  |TAMS 0x0000000093d00000, 0x0000000093d00000| Untracked 
|  18|0x0000000093e00000, 0x0000000093e00000, 0x0000000093f00000|  0%| F|  |TAMS 0x0000000093e00000, 0x0000000093e00000| Untracked 
|  19|0x0000000093f00000, 0x0000000093f00000, 0x0000000094000000|  0%| F|  |TAMS 0x0000000093f00000, 0x0000000093f00000| Untracked 
|  20|0x0000000094000000, 0x0000000094000000, 0x0000000094100000|  0%| F|  |TAMS 0x0000000094000000, 0x0000000094000000| Untracked 
|  21|0x0000000094100000, 0x0000000094100000, 0x0000000094200000|  0%| F|  |TAMS 0x0000000094100000, 0x0000000094100000| Untracked 
|  22|0x0000000094200000, 0x0000000094200000, 0x0000000094300000|  0%| F|  |TAMS 0x0000000094200000, 0x0000000094200000| Untracked 
|  23|0x0000000094300000, 0x0000000094300000, 0x0000000094400000|  0%| F|  |TAMS 0x0000000094300000, 0x0000000094300000| Untracked 
|  24|0x0000000094400000, 0x0000000094400000, 0x0000000094500000|  0%| F|  |TAMS 0x0000000094400000, 0x0000000094400000| Untracked 
|  25|0x0000000094500000, 0x0000000094500000, 0x0000000094600000|  0%| F|  |TAMS 0x0000000094500000, 0x0000000094500000| Untracked 
|  26|0x0000000094600000, 0x0000000094600000, 0x0000000094700000|  0%| F|  |TAMS 0x0000000094600000, 0x0000000094600000| Untracked 
|  27|0x0000000094700000, 0x0000000094700000, 0x0000000094800000|  0%| F|  |TAMS 0x0000000094700000, 0x0000000094700000| Untracked 
|  28|0x0000000094800000, 0x0000000094800000, 0x0000000094900000|  0%| F|  |TAMS 0x0000000094800000, 0x0000000094800000| Untracked 
|  29|0x0000000094900000, 0x0000000094900000, 0x0000000094a00000|  0%| F|  |TAMS 0x0000000094900000, 0x0000000094900000| Untracked 
|  30|0x0000000094a00000, 0x0000000094a00000, 0x0000000094b00000|  0%| F|  |TAMS 0x0000000094a00000, 0x0000000094a00000| Untracked 
|  31|0x0000000094b00000, 0x0000000094b00000, 0x0000000094c00000|  0%| F|  |TAMS 0x0000000094b00000, 0x0000000094b00000| Untracked 
|  32|0x0000000094c00000, 0x0000000094c00000, 0x0000000094d00000|  0%| F|  |TAMS 0x0000000094c00000, 0x0000000094c00000| Untracked 
|  33|0x0000000094d00000, 0x0000000094d00000, 0x0000000094e00000|  0%| F|  |TAMS 0x0000000094d00000, 0x0000000094d00000| Untracked 
|  34|0x0000000094e00000, 0x0000000094e00000, 0x0000000094f00000|  0%| F|  |TAMS 0x0000000094e00000, 0x0000000094e00000| Untracked 
|  35|0x0000000094f00000, 0x0000000094f00000, 0x0000000095000000|  0%| F|  |TAMS 0x0000000094f00000, 0x0000000094f00000| Untracked 
|  36|0x0000000095000000, 0x0000000095000000, 0x0000000095100000|  0%| F|  |TAMS 0x0000000095000000, 0x0000000095000000| Untracked 
|  37|0x0000000095100000, 0x0000000095100000, 0x0000000095200000|  0%| F|  |TAMS 0x0000000095100000, 0x0000000095100000| Untracked 
|  38|0x0000000095200000, 0x0000000095200000, 0x0000000095300000|  0%| F|  |TAMS 0x0000000095200000, 0x0000000095200000| Untracked 
|  39|0x0000000095300000, 0x0000000095300000, 0x0000000095400000|  0%| F|  |TAMS 0x0000000095300000, 0x0000000095300000| Untracked 
|  40|0x0000000095400000, 0x0000000095400000, 0x0000000095500000|  0%| F|  |TAMS 0x0000000095400000, 0x0000000095400000| Untracked 
|  41|0x0000000095500000, 0x0000000095500000, 0x0000000095600000|  0%| F|  |TAMS 0x0000000095500000, 0x0000000095500000| Untracked 
|  42|0x0000000095600000, 0x0000000095600000, 0x0000000095700000|  0%| F|  |TAMS 0x0000000095600000, 0x0000000095600000| Untracked 
|  43|0x0000000095700000, 0x0000000095700000, 0x0000000095800000|  0%| F|  |TAMS 0x0000000095700000, 0x0000000095700000| Untracked 
|  44|0x0000000095800000, 0x0000000095800000, 0x0000000095900000|  0%| F|  |TAMS 0x0000000095800000, 0x0000000095800000| Untracked 
|  45|0x0000000095900000, 0x0000000095900000, 0x0000000095a00000|  0%| F|  |TAMS 0x0000000095900000, 0x0000000095900000| Untracked 
|  46|0x0000000095a00000, 0x0000000095a00000, 0x0000000095b00000|  0%| F|  |TAMS 0x0000000095a00000, 0x0000000095a00000| Untracked 
|  47|0x0000000095b00000, 0x0000000095b00000, 0x0000000095c00000|  0%| F|  |TAMS 0x0000000095b00000, 0x0000000095b00000| Untracked 
|  48|0x0000000095c00000, 0x0000000095c00000, 0x0000000095d00000|  0%| F|  |TAMS 0x0000000095c00000, 0x0000000095c00000| Untracked 
|  49|0x0000000095d00000, 0x0000000095d00000, 0x0000000095e00000|  0%| F|  |TAMS 0x0000000095d00000, 0x0000000095d00000| Untracked 
|  50|0x0000000095e00000, 0x0000000095e00000, 0x0000000095f00000|  0%| F|  |TAMS 0x0000000095e00000, 0x0000000095e00000| Untracked 
|  51|0x0000000095f00000, 0x0000000095f00000, 0x0000000096000000|  0%| F|  |TAMS 0x0000000095f00000, 0x0000000095f00000| Untracked 
|  52|0x0000000096000000, 0x0000000096000000, 0x0000000096100000|  0%| F|  |TAMS 0x0000000096000000, 0x0000000096000000| Untracked 
|  53|0x0000000096100000, 0x0000000096100000, 0x0000000096200000|  0%| F|  |TAMS 0x0000000096100000, 0x0000000096100000| Untracked 
|  54|0x0000000096200000, 0x0000000096200000, 0x0000000096300000|  0%| F|  |TAMS 0x0000000096200000, 0x0000000096200000| Untracked 
|  55|0x0000000096300000, 0x0000000096300000, 0x0000000096400000|  0%| F|  |TAMS 0x0000000096300000, 0x0000000096300000| Untracked 
|  56|0x0000000096400000, 0x0000000096400000, 0x0000000096500000|  0%| F|  |TAMS 0x0000000096400000, 0x0000000096400000| Untracked 
|  57|0x0000000096500000, 0x0000000096500000, 0x0000000096600000|  0%| F|  |TAMS 0x0000000096500000, 0x0000000096500000| Untracked 
|  58|0x0000000096600000, 0x0000000096600000, 0x0000000096700000|  0%| F|  |TAMS 0x0000000096600000, 0x0000000096600000| Untracked 
|  59|0x0000000096700000, 0x0000000096700000, 0x0000000096800000|  0%| F|  |TAMS 0x0000000096700000, 0x0000000096700000| Untracked 
|  60|0x0000000096800000, 0x0000000096800000, 0x0000000096900000|  0%| F|  |TAMS 0x0000000096800000, 0x0000000096800000| Untracked 
|  61|0x0000000096900000, 0x0000000096900000, 0x0000000096a00000|  0%| F|  |TAMS 0x0000000096900000, 0x0000000096900000| Untracked 
|  62|0x0000000096a00000, 0x0000000096a00000, 0x0000000096b00000|  0%| F|  |TAMS 0x0000000096a00000, 0x0000000096a00000| Untracked 
|  63|0x0000000096b00000, 0x0000000096b00000, 0x0000000096c00000|  0%| F|  |TAMS 0x0000000096b00000, 0x0000000096b00000| Untracked 
|  64|0x0000000096c00000, 0x0000000096c00000, 0x0000000096d00000|  0%| F|  |TAMS 0x0000000096c00000, 0x0000000096c00000| Untracked 
|  65|0x0000000096d00000, 0x0000000096d00000, 0x0000000096e00000|  0%| F|  |TAMS 0x0000000096d00000, 0x0000000096d00000| Untracked 
|  66|0x0000000096e00000, 0x0000000096e00000, 0x0000000096f00000|  0%| F|  |TAMS 0x0000000096e00000, 0x0000000096e00000| Untracked 
|  67|0x0000000096f00000, 0x0000000096f00000, 0x0000000097000000|  0%| F|  |TAMS 0x0000000096f00000, 0x0000000096f00000| Untracked 
|  68|0x0000000097000000, 0x0000000097000000, 0x0000000097100000|  0%| F|  |TAMS 0x0000000097000000, 0x0000000097000000| Untracked 
|  69|0x0000000097100000, 0x0000000097100000, 0x0000000097200000|  0%| F|  |TAMS 0x0000000097100000, 0x0000000097100000| Untracked 
|  70|0x0000000097200000, 0x0000000097200000, 0x0000000097300000|  0%| F|  |TAMS 0x0000000097200000, 0x0000000097200000| Untracked 
|  71|0x0000000097300000, 0x0000000097300000, 0x0000000097400000|  0%| F|  |TAMS 0x0000000097300000, 0x0000000097300000| Untracked 
|  72|0x0000000097400000, 0x0000000097400000, 0x0000000097500000|  0%| F|  |TAMS 0x0000000097400000, 0x0000000097400000| Untracked 
|  73|0x0000000097500000, 0x0000000097500000, 0x0000000097600000|  0%| F|  |TAMS 0x0000000097500000, 0x0000000097500000| Untracked 
|  74|0x0000000097600000, 0x0000000097600000, 0x0000000097700000|  0%| F|  |TAMS 0x0000000097600000, 0x0000000097600000| Untracked 
|  75|0x0000000097700000, 0x0000000097700000, 0x0000000097800000|  0%| F|  |TAMS 0x0000000097700000, 0x0000000097700000| Untracked 
|  76|0x0000000097800000, 0x0000000097800000, 0x0000000097900000|  0%| F|  |TAMS 0x0000000097800000, 0x0000000097800000| Untracked 
|  77|0x0000000097900000, 0x0000000097900000, 0x0000000097a00000|  0%| F|  |TAMS 0x0000000097900000, 0x0000000097900000| Untracked 
|  78|0x0000000097a00000, 0x0000000097a00000, 0x0000000097b00000|  0%| F|  |TAMS 0x0000000097a00000, 0x0000000097a00000| Untracked 
|  79|0x0000000097b00000, 0x0000000097b00000, 0x0000000097c00000|  0%| F|  |TAMS 0x0000000097b00000, 0x0000000097b00000| Untracked 
|  80|0x0000000097c00000, 0x0000000097c00000, 0x0000000097d00000|  0%| F|  |TAMS 0x0000000097c00000, 0x0000000097c00000| Untracked 
|  81|0x0000000097d00000, 0x0000000097d00000, 0x0000000097e00000|  0%| F|  |TAMS 0x0000000097d00000, 0x0000000097d00000| Untracked 
|  82|0x0000000097e00000, 0x0000000097e00000, 0x0000000097f00000|  0%| F|  |TAMS 0x0000000097e00000, 0x0000000097e00000| Untracked 
|  83|0x0000000097f00000, 0x0000000097f00000, 0x0000000098000000|  0%| F|  |TAMS 0x0000000097f00000, 0x0000000097f00000| Untracked 
|  84|0x0000000098000000, 0x0000000098000000, 0x0000000098100000|  0%| F|  |TAMS 0x0000000098000000, 0x0000000098000000| Untracked 
|  85|0x0000000098100000, 0x0000000098100000, 0x0000000098200000|  0%| F|  |TAMS 0x0000000098100000, 0x0000000098100000| Untracked 
|  86|0x0000000098200000, 0x0000000098200000, 0x0000000098300000|  0%| F|  |TAMS 0x0000000098200000, 0x0000000098200000| Untracked 
|  87|0x0000000098300000, 0x0000000098300000, 0x0000000098400000|  0%| F|  |TAMS 0x0000000098300000, 0x0000000098300000| Untracked 
|  88|0x0000000098400000, 0x0000000098400000, 0x0000000098500000|  0%| F|  |TAMS 0x0000000098400000, 0x0000000098400000| Untracked 
|  89|0x0000000098500000, 0x0000000098500000, 0x0000000098600000|  0%| F|  |TAMS 0x0000000098500000, 0x0000000098500000| Untracked 
|  90|0x0000000098600000, 0x0000000098600000, 0x0000000098700000|  0%| F|  |TAMS 0x0000000098600000, 0x0000000098600000| Untracked 
|  91|0x0000000098700000, 0x0000000098700000, 0x0000000098800000|  0%| F|  |TAMS 0x0000000098700000, 0x0000000098700000| Untracked 
|  92|0x0000000098800000, 0x0000000098800000, 0x0000000098900000|  0%| F|  |TAMS 0x0000000098800000, 0x0000000098800000| Untracked 
|  93|0x0000000098900000, 0x0000000098900000, 0x0000000098a00000|  0%| F|  |TAMS 0x0000000098900000, 0x0000000098900000| Untracked 
|  94|0x0000000098a00000, 0x0000000098a00000, 0x0000000098b00000|  0%| F|  |TAMS 0x0000000098a00000, 0x0000000098a00000| Untracked 
|  95|0x0000000098b00000, 0x0000000098b00000, 0x0000000098c00000|  0%| F|  |TAMS 0x0000000098b00000, 0x0000000098b00000| Untracked 
|  96|0x0000000098c00000, 0x0000000098c00000, 0x0000000098d00000|  0%| F|  |TAMS 0x0000000098c00000, 0x0000000098c00000| Untracked 
|  97|0x0000000098d00000, 0x0000000098d00000, 0x0000000098e00000|  0%| F|  |TAMS 0x0000000098d00000, 0x0000000098d00000| Untracked 
|  98|0x0000000098e00000, 0x0000000098e76450, 0x0000000098f00000| 46%| E|  |TAMS 0x0000000098e00000, 0x0000000098e00000| Complete 
|  99|0x0000000098f00000, 0x0000000099000000, 0x0000000099000000|100%| E|CS|TAMS 0x0000000098f00000, 0x0000000098f00000| Complete 
| 100|0x0000000099000000, 0x0000000099100000, 0x0000000099100000|100%| E|CS|TAMS 0x0000000099000000, 0x0000000099000000| Complete 
| 101|0x0000000099100000, 0x0000000099200000, 0x0000000099200000|100%| E|CS|TAMS 0x0000000099100000, 0x0000000099100000| Complete 
| 102|0x0000000099200000, 0x0000000099300000, 0x0000000099300000|100%| E|CS|TAMS 0x0000000099200000, 0x0000000099200000| Complete 
| 103|0x0000000099300000, 0x0000000099400000, 0x0000000099400000|100%| E|CS|TAMS 0x0000000099300000, 0x0000000099300000| Complete 
| 104|0x0000000099400000, 0x0000000099500000, 0x0000000099500000|100%| E|CS|TAMS 0x0000000099400000, 0x0000000099400000| Complete 
| 105|0x0000000099500000, 0x0000000099600000, 0x0000000099600000|100%| E|CS|TAMS 0x0000000099500000, 0x0000000099500000| Complete 
| 106|0x0000000099600000, 0x0000000099700000, 0x0000000099700000|100%| E|CS|TAMS 0x0000000099600000, 0x0000000099600000| Complete 
| 107|0x0000000099700000, 0x0000000099800000, 0x0000000099800000|100%| E|CS|TAMS 0x0000000099700000, 0x0000000099700000| Complete 
| 108|0x0000000099800000, 0x0000000099900000, 0x0000000099900000|100%| E|CS|TAMS 0x0000000099800000, 0x0000000099800000| Complete 
| 109|0x0000000099900000, 0x0000000099a00000, 0x0000000099a00000|100%| E|CS|TAMS 0x0000000099900000, 0x0000000099900000| Complete 

Card table byte_map: [0x000002a0c7f30000,0x000002a0c82a0000] _byte_map_base: 0x000002a0c7a9a000

Marking Bits (Prev, Next): (CMBitMap*) 0x000002a0ae512880, (CMBitMap*) 0x000002a0ae5128c0
 Prev Bits: [0x000002a0c8610000, 0x000002a0ca160000)
 Next Bits: [0x000002a0ca160000, 0x000002a0cbcb0000)

Polling page: 0x000002a0ae590000

Metaspace:

Usage:
  Non-class:     14.53 MB used.
      Class:      1.52 MB used.
       Both:     16.05 MB used.

Virtual space:
  Non-class space:       64.00 MB reserved,      14.62 MB ( 23%) committed,  1 nodes.
      Class space:        1.00 GB reserved,       1.56 MB ( <1%) committed,  1 nodes.
             Both:        1.06 GB reserved,      16.19 MB (  1%) committed. 

Chunk freelists:
   Non-Class:  1.00 MB
       Class:  2.25 MB
        Both:  3.25 MB

MaxMetaspaceSize: unlimited
CompressedClassSpaceSize: 1.00 GB
Initial GC threshold: 21.00 MB
Current GC threshold: 21.00 MB
CDS: off
MetaspaceReclaimPolicy: balanced
 - commit_granule_bytes: 65536.
 - commit_granule_words: 8192.
 - virtual_space_node_default_size: 8388608.
 - enlarge_chunks_in_place: 1.
 - new_chunks_are_fully_committed: 0.
 - uncommit_free_chunks: 1.
 - use_allocation_guard: 0.


Internal statistics:

num_allocs_failed_limit: 0.
num_arena_births: 138.
num_arena_deaths: 0.
num_vsnodes_births: 2.
num_vsnodes_deaths: 0.
num_space_committed: 259.
num_space_uncommitted: 0.
num_chunks_returned_to_freelist: 0.
num_chunks_taken_from_freelist: 203.
num_chunk_merges: 0.
num_chunk_splits: 114.
num_chunks_enlarged: 67.
num_inconsistent_stats: 0.

CodeHeap 'non-profiled nmethods': size=119168Kb used=317Kb max_used=317Kb free=118850Kb
 bounds [0x000002a0bf790000, 0x000002a0bfa00000, 0x000002a0c6bf0000]
CodeHeap 'profiled nmethods': size=119104Kb used=1830Kb max_used=1830Kb free=117273Kb
 bounds [0x000002a0b7bf0000, 0x000002a0b7e60000, 0x000002a0bf040000]
CodeHeap 'non-nmethods': size=7488Kb used=3009Kb max_used=3022Kb free=4479Kb
 bounds [0x000002a0bf040000, 0x000002a0bf340000, 0x000002a0bf790000]
 total_blobs=1629 nmethods=1072 adapters=465
 compilation: enabled
              stopped_count=0, restarted_count=0
 full_count=0

Compilation events (20 events):
Event: 0.713 Thread 0x000002a0d3396ee0 nmethod 1065 0x000002a0b7db5190 code [0x000002a0b7db5320, 0x000002a0b7db5438]
Event: 0.713 Thread 0x000002a0d3226d50 nmethod 1064 0x000002a0b7db5510 code [0x000002a0b7db56c0, 0x000002a0b7db58e8]
Event: 0.713 Thread 0x000002a0d324e850 nmethod 1063 0x000002a0b7db5990 code [0x000002a0b7db5b60, 0x000002a0b7db5ea8]
Event: 0.713 Thread 0x000002a0d304e640 nmethod 1062 0x000002a0b7db6010 code [0x000002a0b7db6260, 0x000002a0b7db6ee8]
Event: 0.714 Thread 0x000002a0d34c5730 nmethod 1052 0x000002a0bf7dd590 code [0x000002a0bf7dd740, 0x000002a0bf7dda88]
Event: 0.718 Thread 0x000002a0d304e640 1066   !   3       jdk.internal.misc.Blocker::begin (95 bytes)
Event: 0.718 Thread 0x000002a0d3226d50 1067       3       jdk.internal.misc.Blocker::end (71 bytes)
Event: 0.718 Thread 0x000002a0d304e640 nmethod 1066 0x000002a0b7db7210 code [0x000002a0b7db7440, 0x000002a0b7db7d08]
Event: 0.718 Thread 0x000002a0d3226d50 nmethod 1067 0x000002a0b7db7f10 code [0x000002a0b7db8100, 0x000002a0b7db85a8]
Event: 0.719 Thread 0x000002a0d304bca0 nmethod 1051 0x000002a0bf7ddd90 code [0x000002a0bf7ddfa0, 0x000002a0bf7de9d0]
Event: 0.721 Thread 0x000002a0d3226d50 1068       3       java.security.AccessController::executePrivileged (65 bytes)
Event: 0.721 Thread 0x000002a0d3226d50 nmethod 1068 0x000002a0b7db8710 code [0x000002a0b7db88e0, 0x000002a0b7db8bd8]
Event: 0.729 Thread 0x000002a0d3226d50 1069       1       java.beans.PropertyChangeEvent::getPropertyName (5 bytes)
Event: 0.729 Thread 0x000002a0d3226d50 nmethod 1069 0x000002a0bf7df090 code [0x000002a0bf7df220, 0x000002a0bf7df2d8]
Event: 0.730 Thread 0x000002a0d3226d50 1070       3       java.util.HashMap::put (13 bytes)
Event: 0.731 Thread 0x000002a0d3226d50 nmethod 1070 0x000002a0b7db8d10 code [0x000002a0b7db8ee0, 0x000002a0b7db91d8]
Event: 0.731 Thread 0x000002a0d34c5730 1071       4       java.lang.String::getBytes (44 bytes)
Event: 0.732 Thread 0x000002a0d34c5730 nmethod 1071 0x000002a0bf7df390 code [0x000002a0bf7df520, 0x000002a0bf7df658]
Event: 0.734 Thread 0x000002a0d3396ee0 1072       3       java.lang.invoke.BoundMethodHandle::editor (8 bytes)
Event: 0.734 Thread 0x000002a0d3396ee0 nmethod 1072 0x000002a0b7db9310 code [0x000002a0b7db94e0, 0x000002a0b7db9868]

GC Heap History (0 events):
No events

Dll operation events (7 events):
Event: 0.008 Loaded shared library C:\Program Files\Java\jdk-19\bin\java.dll
Event: 0.065 Loaded shared library C:\Program Files\Java\jdk-19\bin\jsvml.dll
Event: 0.273 Loaded shared library C:\Program Files\Java\jdk-19\bin\net.dll
Event: 0.275 Loaded shared library C:\Program Files\Java\jdk-19\bin\nio.dll
Event: 0.287 Loaded shared library C:\Program Files\Java\jdk-19\bin\zip.dll
Event: 0.406 Loaded shared library C:\Program Files\Java\jdk-19\bin\jimage.dll
Event: 0.503 Loaded shared library C:\Program Files\Java\jdk-19\bin\awt.dll

Deoptimization events (20 events):
Event: 0.701 Thread 0x000002a0ae47d030 Uncommon trap: trap_request=0xffffffc6 fr.pc=0x000002a0bf7b97ec relative=0x0000000000000c2c
Event: 0.701 Thread 0x000002a0ae47d030 Uncommon trap: reason=bimorphic_or_optimized_type_check action=maybe_recompile pc=0x000002a0bf7b97ec method=java.util.HashMap.putVal(ILjava/lang/Object;Ljava/lang/Object;ZZ)Ljava/lang/Object; @ 152 c2
Event: 0.701 Thread 0x000002a0ae47d030 DEOPT PACKING pc=0x000002a0bf7b97ec sp=0x000000f0612fecd0
Event: 0.701 Thread 0x000002a0ae47d030 DEOPT UNPACKING pc=0x000002a0bf0a6da3 sp=0x000000f0612feca0 mode 2
Event: 0.701 Thread 0x000002a0ae47d030 Uncommon trap: trap_request=0xffffffc6 fr.pc=0x000002a0bf7b9778 relative=0x0000000000000bb8
Event: 0.701 Thread 0x000002a0ae47d030 Uncommon trap: reason=bimorphic_or_optimized_type_check action=maybe_recompile pc=0x000002a0bf7b9778 method=java.util.HashMap.putVal(ILjava/lang/Object;Ljava/lang/Object;ZZ)Ljava/lang/Object; @ 56 c2
Event: 0.701 Thread 0x000002a0ae47d030 DEOPT PACKING pc=0x000002a0bf7b9778 sp=0x000000f0612fecd0
Event: 0.701 Thread 0x000002a0ae47d030 DEOPT UNPACKING pc=0x000002a0bf0a6da3 sp=0x000000f0612fec98 mode 2
Event: 0.713 Thread 0x000002a0ae47d030 Uncommon trap: trap_request=0xffffff45 fr.pc=0x000002a0bf7cf2e4 relative=0x00000000000002a4
Event: 0.713 Thread 0x000002a0ae47d030 Uncommon trap: reason=unstable_if action=reinterpret pc=0x000002a0bf7cf2e4 method=java.util.HashMap.hash(Ljava/lang/Object;)I @ 1 c2
Event: 0.713 Thread 0x000002a0ae47d030 DEOPT PACKING pc=0x000002a0bf7cf2e4 sp=0x000000f0612fefa0
Event: 0.713 Thread 0x000002a0ae47d030 DEOPT UNPACKING pc=0x000002a0bf0a6da3 sp=0x000000f0612fee98 mode 2
Event: 0.715 Thread 0x000002a0ae47d030 Uncommon trap: trap_request=0xffffff45 fr.pc=0x000002a0bf7d64c8 relative=0x00000000000009c8
Event: 0.715 Thread 0x000002a0ae47d030 Uncommon trap: reason=unstable_if action=reinterpret pc=0x000002a0bf7d64c8 method=java.util.concurrent.ConcurrentHashMap.putVal(Ljava/lang/Object;Ljava/lang/Object;Z)Ljava/lang/Object; @ 219 c2
Event: 0.715 Thread 0x000002a0ae47d030 DEOPT PACKING pc=0x000002a0bf7d64c8 sp=0x000000f0612fe6d0
Event: 0.715 Thread 0x000002a0ae47d030 DEOPT UNPACKING pc=0x000002a0bf0a6da3 sp=0x000000f0612fe640 mode 2
Event: 0.721 Thread 0x000002a0ae47d030 Uncommon trap: trap_request=0xffffff45 fr.pc=0x000002a0bf7db4e4 relative=0x00000000000009c4
Event: 0.721 Thread 0x000002a0ae47d030 Uncommon trap: reason=unstable_if action=reinterpret pc=0x000002a0bf7db4e4 method=java.util.HashMap.hash(Ljava/lang/Object;)I @ 1 c2
Event: 0.721 Thread 0x000002a0ae47d030 DEOPT PACKING pc=0x000002a0bf7db4e4 sp=0x000000f0612fef90
Event: 0.721 Thread 0x000002a0ae47d030 DEOPT UNPACKING pc=0x000002a0bf0a6da3 sp=0x000000f0612fef30 mode 2

Classes loaded (20 events):
Event: 0.734 Loading class javax/swing/text/StyleContext$NamedStyle done
Event: 0.734 Loading class javax/swing/text/StyleContext$SmallAttributeSet
Event: 0.734 Loading class javax/swing/text/StyleContext$SmallAttributeSet done
Event: 0.734 Loading class java/util/Collections$3
Event: 0.734 Loading class java/util/Collections$3 done
Event: 0.734 Loading class javax/swing/text/AbstractDocument$BidiRootElement
Event: 0.734 Loading class javax/swing/text/AbstractDocument$BranchElement
Event: 0.734 Loading class javax/swing/text/AbstractDocument$AbstractElement
Event: 0.734 Loading class javax/swing/text/Element
Event: 0.734 Loading class javax/swing/text/Element done
Event: 0.734 Loading class javax/swing/tree/TreeNode
Event: 0.735 Loading class javax/swing/tree/TreeNode done
Event: 0.735 Loading class javax/swing/text/AbstractDocument$AbstractElement done
Event: 0.735 Loading class javax/swing/text/AbstractDocument$BranchElement done
Event: 0.735 Loading class javax/swing/text/AbstractDocument$BidiRootElement done
Event: 0.735 Loading class javax/swing/text/AbstractDocument$1
Event: 0.735 Loading class javax/swing/text/AbstractDocument$1 done
Event: 0.735 Loading class javax/swing/text/AbstractDocument$BidiElement
Event: 0.735 Loading class javax/swing/text/AbstractDocument$LeafElement
Event: 0.735 Loading class javax/swing/text/AbstractDocument$LeafElement done

Classes unloaded (0 events):
No events

Classes redefined (0 events):
No events

Internal exceptions (17 events):
Event: 0.438 Thread 0x000002a0ae47d030 Exception <a 'java/lang/NoSuchMethodError'{0x00000000994a7c80}: 'void java.lang.invoke.DirectMethodHandle$Holder.invokeSpecial(java.lang.Object, java.lang.Object, java.lang.Object)'> (0x00000000994a7c80) 
thrown [s\open\src\hotspot\share\interpreter\linkResolver.cpp, line 774]
Event: 0.444 Thread 0x000002a0ae47d030 Exception <a 'java/lang/NoSuchMethodError'{0x00000000994bdd08}: 'void java.lang.invoke.DirectMethodHandle$Holder.invokeSpecial(java.lang.Object, java.lang.Object, java.lang.Object, java.lang.Object, java.lang.Object)'> (0x00000000994bdd08) 
thrown [s\open\src\hotspot\share\interpreter\linkResolver.cpp, line 774]
Event: 0.446 Thread 0x000002a0ae47d030 Exception <a 'java/lang/NoSuchMethodError'{0x00000000994cd910}: 'java.lang.Object java.lang.invoke.DirectMethodHandle$Holder.invokeInterface(java.lang.Object, java.lang.Object)'> (0x00000000994cd910) 
thrown [s\open\src\hotspot\share\interpreter\linkResolver.cpp, line 774]
Event: 0.446 Thread 0x000002a0ae47d030 Exception <a 'java/lang/IncompatibleClassChangeError'{0x00000000994d0e60}: Found class java.lang.Object, but interface was expected> (0x00000000994d0e60) 
thrown [s\open\src\hotspot\share\interpreter\linkResolver.cpp, line 841]
Event: 0.447 Thread 0x000002a0ae47d030 Exception <a 'java/lang/NoSuchMethodError'{0x00000000994d3cb8}: 'void java.lang.invoke.DirectMethodHandle$Holder.invokeStatic(java.lang.Object, java.lang.Object, java.lang.Object, java.lang.Object)'> (0x00000000994d3cb8) 
thrown [s\open\src\hotspot\share\interpreter\linkResolver.cpp, line 774]
Event: 0.498 Thread 0x000002a0ae47d030 Exception <a 'java/lang/ClassNotFoundException'{0x00000000993c2440}: sun/awt/resources/spi/awtProvider> (0x00000000993c2440) 
thrown [s\open\src\hotspot\share\classfile\systemDictionary.cpp, line 255]
Event: 0.513 Thread 0x000002a0ae47d030 Exception <a 'java/io/FileNotFoundException'{0x0000000099217928}> (0x0000000099217928) 
thrown [s\open\src\hotspot\share\prims\jni.cpp, line 517]
Event: 0.519 Thread 0x000002a0ae47d030 Exception <a 'java/io/FileNotFoundException'{0x0000000099243e30}> (0x0000000099243e30) 
thrown [s\open\src\hotspot\share\prims\jni.cpp, line 517]
Event: 0.546 Thread 0x000002a0ae47d030 Exception <a 'java/lang/NoSuchMethodError'{0x0000000099275af0}: 'java.lang.Object java.lang.invoke.DirectMethodHandle$Holder.invokeStaticInit(java.lang.Object)'> (0x0000000099275af0) 
thrown [s\open\src\hotspot\share\interpreter\linkResolver.cpp, line 774]
Event: 0.568 Thread 0x000002a0d378f500 Exception <a 'java/lang/NoSuchMethodError'{0x0000000099184f40}: 'java.lang.Object java.lang.invoke.DirectMethodHandle$Holder.newInvokeSpecial(java.lang.Object, java.lang.Object, java.lang.Object, int, int, int, int, int)'> (0x0000000099184f40) 
thrown [s\open\src\hotspot\share\interpreter\linkResolver.cpp, line 774]
Event: 0.669 Thread 0x000002a0ae47d030 Exception <a 'java/lang/NoSuchMethodError'{0x0000000098f09fb8}: 'java.lang.Object java.lang.invoke.DirectMethodHandle$Holder.newInvokeSpecial(java.lang.Object, java.lang.Object, java.lang.Object, java.lang.Object, java.lang.Object)'> (0x0000000098f09fb8) 
thrown [s\open\src\hotspot\share\interpreter\linkResolver.cpp, line 774]
Event: 0.677 Thread 0x000002a0ae47d030 Exception <a 'java/lang/NoSuchMethodError'{0x0000000098f3b678}: 'java.lang.Object java.lang.invoke.DirectMethodHandle$Holder.invokeStatic(java.lang.Object, int, java.lang.Object)'> (0x0000000098f3b678) 
thrown [s\open\src\hotspot\share\interpreter\linkResolver.cpp, line 774]
Event: 0.700 Thread 0x000002a0ae47d030 Exception <a 'java/lang/ClassNotFoundException'{0x0000000098e0d5c0}: com/sun/swing/internal/plaf/metal/resources/spi/metalProvider> (0x0000000098e0d5c0) 
thrown [s\open\src\hotspot\share\classfile\systemDictionary.cpp, line 255]
Event: 0.701 Thread 0x000002a0ae47d030 Exception <a 'java/lang/ClassNotFoundException'{0x0000000098e11560}: com/sun/swing/internal/plaf/basic/resources/spi/basicProvider> (0x0000000098e11560) 
thrown [s\open\src\hotspot\share\classfile\systemDictionary.cpp, line 255]
Event: 0.712 Thread 0x000002a0ae47d030 Exception <a 'java/lang/NoSuchMethodError'{0x0000000098e2d820}: 'int java.lang.invoke.Invokers$Holder.invokeExact_MT(java.lang.Object, java.lang.Object)'> (0x0000000098e2d820) 
thrown [s\open\src\hotspot\share\interpreter\linkResolver.cpp, line 774]
Event: 0.713 Thread 0x000002a0ae47d030 Implicit null exception at 0x000002a0bf7cf08e to 0x000002a0bf7cf2cc
Event: 0.721 Thread 0x000002a0ae47d030 Implicit null exception at 0x000002a0bf7dab5e to 0x000002a0bf7db4c8

VM Operations (10 events):
Event: 0.292 Executing VM operation: HandshakeAllThreads
Event: 0.292 Executing VM operation: HandshakeAllThreads done
Event: 0.325 Executing VM operation: HandshakeAllThreads
Event: 0.325 Executing VM operation: HandshakeAllThreads done
Event: 0.340 Executing VM operation: HandshakeAllThreads
Event: 0.340 Executing VM operation: HandshakeAllThreads done
Event: 0.526 Executing VM operation: HandshakeAllThreads
Event: 0.526 Executing VM operation: HandshakeAllThreads done
Event: 0.590 Executing VM operation: HandshakeAllThreads
Event: 0.590 Executing VM operation: HandshakeAllThreads done

Events (20 events):
Event: 0.066 Thread 0x000002a0ae47d030 Thread added: 0x000002a0ae47d030
Event: 0.130 Thread 0x000002a0ced3dfb0 Thread added: 0x000002a0ced3dfb0
Event: 0.130 Thread 0x000002a0d3063020 Thread added: 0x000002a0d3063020
Event: 0.132 Thread 0x000002a0d306f360 Thread added: 0x000002a0d306f360
Event: 0.132 Thread 0x000002a0d306fc90 Thread added: 0x000002a0d306fc90
Event: 0.132 Thread 0x000002a0d30705c0 Thread added: 0x000002a0d30705c0
Event: 0.133 Thread 0x000002a0d3070ef0 Thread added: 0x000002a0d3070ef0
Event: 0.133 Thread 0x000002a0d304bca0 Thread added: 0x000002a0d304bca0
Event: 0.133 Thread 0x000002a0d304e640 Thread added: 0x000002a0d304e640
Event: 0.133 Thread 0x000002a0d3039020 Thread added: 0x000002a0d3039020
Event: 0.243 Thread 0x000002a0d320f160 Thread added: 0x000002a0d320f160
Event: 0.263 Thread 0x000002a0d3226d50 Thread added: 0x000002a0d3226d50
Event: 0.296 Thread 0x000002a0d3396ee0 Thread added: 0x000002a0d3396ee0
Event: 0.296 Thread 0x000002a0d324e850 Thread added: 0x000002a0d324e850
Event: 0.428 Thread 0x000002a0d34c5730 Thread added: 0x000002a0d34c5730
Event: 0.461 Thread 0x000002a0d3638c80 Thread added: 0x000002a0d3638c80
Event: 0.547 Thread 0x000002a0d3785010 Thread added: 0x000002a0d3785010
Event: 0.549 Thread 0x000002a0d3791fb0 Thread added: 0x000002a0d3791fb0
Event: 0.550 Thread 0x000002a0d3798990 Thread added: 0x000002a0d3798990
Event: 0.565 Thread 0x000002a0d378f500 Thread added: 0x000002a0d378f500


Dynamic libraries:
0x00007ff668c10000 - 0x00007ff668c20000 	C:\Program Files\Java\jdk-19\bin\javaw.exe
0x00007ff895f70000 - 0x00007ff896168000 	C:\Windows\SYSTEM32\ntdll.dll
0x00007ff895e70000 - 0x00007ff895f2f000 	C:\Windows\System32\KERNEL32.DLL
0x00007ff893a20000 - 0x00007ff893cf2000 	C:\Windows\System32\KERNELBASE.dll
0x00007ff893920000 - 0x00007ff893a20000 	C:\Windows\System32\ucrtbase.dll
0x00007ff88ce50000 - 0x00007ff88ce6b000 	C:\Program Files\Java\jdk-19\bin\VCRUNTIME140.dll
0x00007ff8851f0000 - 0x00007ff885208000 	C:\Program Files\Java\jdk-19\bin\jli.dll
0x00007ff8950a0000 - 0x00007ff89514e000 	C:\Windows\System32\ADVAPI32.dll
0x00007ff894250000 - 0x00007ff8942ee000 	C:\Windows\System32\msvcrt.dll
0x00007ff895af0000 - 0x00007ff895b8c000 	C:\Windows\System32\sechost.dll
0x00007ff8951e0000 - 0x00007ff895305000 	C:\Windows\System32\RPCRT4.dll
0x00007ff895cb0000 - 0x00007ff895e51000 	C:\Windows\System32\USER32.dll
0x00007ff893d00000 - 0x00007ff893d22000 	C:\Windows\System32\win32u.dll
0x00007ff883630000 - 0x00007ff8838ca000 	C:\Windows\WinSxS\amd64_microsoft.windows.common-controls_6595b64144ccf1df_6.0.19041.1110_none_60b5254171f9507e\COMCTL32.dll
0x00007ff895a60000 - 0x00007ff895a8b000 	C:\Windows\System32\GDI32.dll
0x00007ff893d30000 - 0x00007ff893e3f000 	C:\Windows\System32\gdi32full.dll
0x00007ff893810000 - 0x00007ff8938ad000 	C:\Windows\System32\msvcp_win.dll
0x00007ff889100000 - 0x00007ff88910a000 	C:\Windows\SYSTEM32\VERSION.dll
0x00007ff894080000 - 0x00007ff8940b2000 	C:\Windows\System32\IMM32.DLL
0x00007ff890180000 - 0x00007ff89018c000 	C:\Program Files\Java\jdk-19\bin\vcruntime140_1.dll
0x00007ff877840000 - 0x00007ff8778ce000 	C:\Program Files\Java\jdk-19\bin\msvcp140.dll
0x00007ff816c30000 - 0x00007ff8178f0000 	C:\Program Files\Java\jdk-19\bin\server\jvm.dll
0x00007ff891b80000 - 0x00007ff891ba7000 	C:\Windows\SYSTEM32\WINMM.dll
0x00007ff86d210000 - 0x00007ff86d219000 	C:\Windows\SYSTEM32\WSOCK32.dll
0x00007ff895b90000 - 0x00007ff895bfb000 	C:\Windows\System32\WS2_32.dll
0x00007ff891eb0000 - 0x00007ff891ec2000 	C:\Windows\SYSTEM32\kernel.appcore.dll
0x00007ff88e090000 - 0x00007ff88e09a000 	C:\Program Files\Java\jdk-19\bin\jimage.dll
0x00007ff891920000 - 0x00007ff891b04000 	C:\Windows\SYSTEM32\DBGHELP.DLL
0x00007ff891b20000 - 0x00007ff891b55000 	C:\Windows\SYSTEM32\dbgcore.DLL
0x00007ff893e40000 - 0x00007ff893ec2000 	C:\Windows\System32\bcryptPrimitives.dll
0x00007ff884900000 - 0x00007ff884926000 	C:\Program Files\Java\jdk-19\bin\java.dll
0x00007ff832cc0000 - 0x00007ff832d97000 	C:\Program Files\Java\jdk-19\bin\jsvml.dll
0x00007ff895310000 - 0x00007ff895a54000 	C:\Windows\System32\SHELL32.dll
0x00007ff891180000 - 0x00007ff891912000 	C:\Windows\SYSTEM32\windows.storage.dll
0x00007ff894360000 - 0x00007ff8946b5000 	C:\Windows\System32\combase.dll
0x00007ff892fe0000 - 0x00007ff893010000 	C:\Windows\SYSTEM32\Wldp.dll
0x00007ff895c00000 - 0x00007ff895cad000 	C:\Windows\System32\SHCORE.dll
0x00007ff894df0000 - 0x00007ff894e45000 	C:\Windows\System32\shlwapi.dll
0x00007ff8935a0000 - 0x00007ff8935bf000 	C:\Windows\SYSTEM32\profapi.dll
0x00007ff8850a0000 - 0x00007ff8850b3000 	C:\Program Files\Java\jdk-19\bin\net.dll
0x00007ff88b480000 - 0x00007ff88b58c000 	C:\Windows\SYSTEM32\WINHTTP.dll
0x00007ff892d40000 - 0x00007ff892daa000 	C:\Windows\system32\mswsock.dll
0x00007ff8847a0000 - 0x00007ff8847b6000 	C:\Program Files\Java\jdk-19\bin\nio.dll
0x00007ff87c4e0000 - 0x00007ff87c4f8000 	C:\Program Files\Java\jdk-19\bin\zip.dll
0x00007ff835810000 - 0x00007ff8359a1000 	C:\Program Files\Java\jdk-19\bin\awt.dll
0x00007ff893fb0000 - 0x00007ff89407d000 	C:\Windows\System32\OLEAUT32.dll
0x00007ff8908c0000 - 0x00007ff890951000 	C:\Windows\SYSTEM32\apphelp.dll
0x00007ff890a10000 - 0x00007ff890aae000 	C:\Windows\system32\uxtheme.dll
0x00007ff894e50000 - 0x00007ff894f65000 	C:\Windows\System32\MSCTF.dll
0x00007ff894f70000 - 0x00007ff89509a000 	C:\Windows\System32\ole32.dll
0x00007ff890bf0000 - 0x00007ff890c1f000 	C:\Windows\system32\DWMAPI.DLL
0x00007ff853280000 - 0x00007ff8533a5000 	C:\Windows\system32\opengl32.dll
0x00007ff85a2e0000 - 0x00007ff85a30c000 	C:\Windows\SYSTEM32\GLU32.dll
0x00007ff8541b0000 - 0x00007ff85437e000 	C:\Windows\system32\d3d9.dll
0x00007ff889110000 - 0x00007ff8892ca000 	C:\Windows\System32\DriverStore\FileRepository\u0381956.inf_amd64_daa7e2b35887d534\B381180\aticfx64.dll
0x00007ff885700000 - 0x00007ff885734000 	C:\Windows\System32\DriverStore\FileRepository\u0381956.inf_amd64_daa7e2b35887d534\B381180\atiu9p64.dll
0x00007ff81e090000 - 0x00007ff81ede6000 	C:\Windows\System32\DriverStore\FileRepository\u0381956.inf_amd64_daa7e2b35887d534\B381180\atiumd64.dll
0x00007ff886dc0000 - 0x00007ff886df0000 	C:\Windows\SYSTEM32\amdihk64.dll

dbghelp: loaded successfully - version: 4.0.5 - missing functions: none
symbol engine: initialized successfully - sym options: 0x614 - pdb path: .;C:\Program Files\Java\jdk-19\bin;C:\Windows\SYSTEM32;C:\Windows\WinSxS\amd64_microsoft.windows.common-controls_6595b64144ccf1df_6.0.19041.1110_none_60b5254171f9507e;C:\Program Files\Java\jdk-19\bin\server;C:\Windows\System32\DriverStore\FileRepository\u0381956.inf_amd64_daa7e2b35887d534\B381180

VM Arguments:
jvm_args: -Dfile.encoding=UTF-8 --module-path=C:\Users\shen\Downloads\sqljdbc_11.2.1.0_enu\sqljdbc_11.2\enu\mssql-jdbc-11.2.1.jre8.jar -XX:+ShowCodeDetailsInExceptionMessages 
java_command: test.Test
java_class_path (initial): D:\doancuoikijava\Quanliquancf2\bin;C:\Users\shen\Downloads\LGoodDatePicker-11.2.1.jar;D:\doancuoikijava\Quanliquancf2\jcalendar-1.4.jar
Launcher Type: SUN_STANDARD

[Global flags]
     intx CICompilerCount                          = 12                                        {product} {ergonomic}
     uint ConcGCThreads                            = 3                                         {product} {ergonomic}
     uint G1ConcRefinementThreads                  = 13                                        {product} {ergonomic}
   size_t G1HeapRegionSize                         = 1048576                                   {product} {ergonomic}
    uintx GCDrainStackTargetSize                   = 64                                        {product} {ergonomic}
   size_t InitialHeapSize                          = 115343360                                 {product} {ergonomic}
   size_t MarkStackSize                            = 4194304                                   {product} {ergonomic}
   size_t MaxHeapSize                              = 1832910848                                {product} {ergonomic}
   size_t MaxNewSize                               = 1098907648                                {product} {ergonomic}
   size_t MinHeapDeltaBytes                        = 1048576                                   {product} {ergonomic}
   size_t MinHeapSize                              = 8388608                                   {product} {ergonomic}
    uintx NonNMethodCodeHeapSize                   = 7602480                                {pd product} {ergonomic}
    uintx NonProfiledCodeHeapSize                  = 122027880                              {pd product} {ergonomic}
    uintx ProfiledCodeHeapSize                     = 122027880                              {pd product} {ergonomic}
    uintx ReservedCodeCacheSize                    = 251658240                              {pd product} {ergonomic}
     bool SegmentedCodeCache                       = true                                      {product} {ergonomic}
     bool ShowCodeDetailsInExceptionMessages       = true                                   {manageable} {command line}
   size_t SoftMaxHeapSize                          = 1832910848                             {manageable} {ergonomic}
     bool UseCompressedClassPointers               = true                           {product lp64_product} {ergonomic}
     bool UseCompressedOops                        = true                           {product lp64_product} {ergonomic}
     bool UseG1GC                                  = true                                      {product} {ergonomic}
     bool UseLargePagesIndividualAllocation        = false                                  {pd product} {ergonomic}

Logging:
Log output configuration:
 #0: stdout all=warning uptime,level,tags foldmultilines=false
 #1: stderr all=off uptime,level,tags foldmultilines=false

Environment Variables:
PATH=C:\Program Files\Common Files\Oracle\Java\javapath;C:\Windows\system32;C:\Windows;C:\Windows\System32\Wbem;C:\Windows\System32\WindowsPowerShell\v1.0\;C:\Windows\System32\OpenSSH\;C:\msys64\mingw64\bin;C:\Program Files\Java\jdk-19;C:\Program Files\Microsoft SQL Server\Client SDK\ODBC\170\Tools\Binn\;C:\Program Files (x86)\Microsoft SQL Server\150\Tools\Binn\;C:\Program Files\Microsoft SQL Server\150\Tools\Binn\;C:\Program Files\Microsoft SQL Server\150\DTS\Binn\;C:\Program Files (x86)\Microsoft SQL Server\150\DTS\Binn\;C:\Program Files\Azure Data Studio\bin;C:\Program Files\Git\cmd;C:\Program Files\PowerShell\7\;C:\Users\shen\AppData\Local\Microsoft\WindowsApps;C:\Users\shen\AppData\Local\Programs\Microsoft VS Code\bin;C:\Program Files\Azure Data Studio\bin
USERNAME=shen
OS=Windows_NT
PROCESSOR_IDENTIFIER=AMD64 Family 23 Model 104 Stepping 1, AuthenticAMD
TMP=C:\Users\shen\AppData\Local\Temp
TEMP=C:\Users\shen\AppData\Local\Temp



---------------  S Y S T E M  ---------------

OS:
 Windows 10 , 64 bit Build 19041 (10.0.19041.2364)
OS uptime: 5 days 10:50 hours

CPU: total 16 (initial active 16) (16 cores per cpu, 2 threads per core) family 23 model 104 stepping 1 microcode 0x0, cx8, cmov, fxsr, ht, mmx, 3dnowpref, sse, sse2, sse3, ssse3, sse4a, sse4.1, sse4.2, popcnt, lzcnt, tsc, tscinvbit, avx, avx2, aes, clmul, bmi1, bmi2, adx, sha, fma, vzeroupper, clflush, clflushopt, rdtscp, rdpid

Memory: 4k page, system-wide physical 6986M (464M free)
TotalPageFile size 28490M (AvailPageFile size 3M)
current process WorkingSet (physical memory assigned to process): 64M, peak: 64M
current process commit charge ("private bytes"): 216M, peak: 220M

vm_info: Java HotSpot(TM) 64-Bit Server VM (19+36-2238) for windows-amd64 JRE (19+36-2238), built on 2022-08-12T20:29:01Z by "mach5one" with MS VC++ 17.1 (VS2022)

END.
